This file contains any messages produced by compilers while
running configure, to aid debugging if configure makes a mistake.

It was created by configure, which was
generated by GNU Autoconf 2.59.  Invocation command line was

  $ ./configure --no-create --no-recursion

## --------- ##
## Platform. ##
## --------- ##

hostname = dell
uname -m = i686
uname -r = 2.6.12-10-386
uname -s = Linux
uname -v = #1 Thu Dec 22 11:37:10 UTC 2005

/usr/bin/uname -p = unknown
/bin/uname -X     = unknown

/bin/arch              = i686
/usr/bin/arch -k       = unknown
/usr/convex/getsysinfo = unknown
hostinfo               = unknown
/bin/machine           = unknown
/usr/bin/oslevel       = unknown
/bin/universe          = unknown

PATH: /usr/local/bin
PATH: /usr/local/sbin
PATH: /sbin
PATH: /usr/sbin
PATH: /bin
PATH: /usr/bin
PATH: /usr/bin/X11
PATH: /usr/games


## ----------- ##
## Core tests. ##
## ----------- ##

configure:1534: checking for a BSD-compatible install
configure:1589: result: /usr/bin/install -c
configure:1600: checking whether build environment is sane
configure:1643: result: yes
configure:1658: checking whether make sets $(MAKE)
configure:1678: result: yes
configure:1710: checking for working aclocal-1.4
configure:1717: result: found
configure:1725: checking for working autoconf
configure:1732: result: found
configure:1740: checking for working automake-1.4
configure:1747: result: found
configure:1755: checking for working autoheader
configure:1762: result: found
configure:1770: checking for working makeinfo
configure:1777: result: found
configure:1838: checking for gcc
configure:1854: found /usr/bin/gcc
configure:1864: result: gcc
configure:2108: checking for C compiler version
configure:2111: gcc --version </dev/null >&5
gcc (GCC) 4.0.2 20050808 (prerelease) (Ubuntu 4.0.1-4ubuntu9)
Copyright (C) 2005 Free Software Foundation, Inc.
This is free software; see the source for copying conditions.  There is NO
warranty; not even for MERCHANTABILITY or FITNESS FOR A PARTICULAR PURPOSE.

configure:2114: $? = 0
configure:2116: gcc -v </dev/null >&5
Using built-in specs.
Target: i486-linux-gnu
Configured with: ../src/configure -v --enable-languages=c,c++,java,f95,objc,ada,treelang --prefix=/usr --with-gxx-include-dir=/usr/include/c++/4.0.2 --enable-shared --with-system-zlib --libexecdir=/usr/lib --enable-nls --without-included-gettext --enable-threads=posix --program-suffix=-4.0 --enable-__cxa_atexit --enable-libstdcxx-allocator=mt --enable-clocale=gnu --enable-libstdcxx-debug --enable-java-gc=boehm --enable-java-awt=gtk --enable-gtk-cairo --with-java-home=/usr/lib/jvm/java-1.4.2-gcj-4.0-1.4.2.0/jre --enable-mpfr --disable-werror --enable-checking=release i486-linux-gnu
Thread model: posix
gcc version 4.0.2 20050808 (prerelease) (Ubuntu 4.0.1-4ubuntu9)
configure:2119: $? = 0
configure:2121: gcc -V </dev/null >&5
gcc: '-V' option must have argument
configure:2124: $? = 1
configure:2147: checking for C compiler default output file name
configure:2150: gcc    conftest.c  >&5
configure:2153: $? = 0
configure:2199: result: a.out
configure:2204: checking whether the C compiler works
configure:2210: ./a.out
configure:2213: $? = 0
configure:2230: result: yes
configure:2237: checking whether we are cross compiling
configure:2239: result: no
configure:2242: checking for suffix of executables
configure:2244: gcc -o conftest    conftest.c  >&5
configure:2247: $? = 0
configure:2272: result: 
configure:2278: checking for suffix of object files
configure:2299: gcc -c   conftest.c >&5
configure:2302: $? = 0
configure:2324: result: o
configure:2328: checking whether we are using the GNU C compiler
configure:2352: gcc -c   conftest.c >&5
configure:2358: $? = 0
configure:2361: test -z 			 || test ! -s conftest.err
configure:2364: $? = 0
configure:2367: test -s conftest.o
configure:2370: $? = 0
configure:2383: result: yes
configure:2389: checking whether gcc accepts -g
configure:2410: gcc -c -g  conftest.c >&5
configure:2416: $? = 0
configure:2419: test -z 			 || test ! -s conftest.err
configure:2422: $? = 0
configure:2425: test -s conftest.o
configure:2428: $? = 0
configure:2439: result: yes
configure:2456: checking for gcc option to accept ANSI C
configure:2526: gcc  -c -g -O2  conftest.c >&5
configure:2532: $? = 0
configure:2535: test -z 			 || test ! -s conftest.err
configure:2538: $? = 0
configure:2541: test -s conftest.o
configure:2544: $? = 0
configure:2562: result: none needed
configure:2580: gcc -c -g -O2  conftest.c >&5
conftest.c:2: error: syntax error before 'me'
configure:2586: $? = 1
configure: failed program was:
| #ifndef __cplusplus
|   choke me
| #endif
configure:2718: checking for strerror in -lcposix
configure:2748: gcc -o conftest -g -O2   conftest.c -lcposix   >&5
/usr/bin/ld: cannot find -lcposix
collect2: ld returned 1 exit status
configure:2754: $? = 1
configure: failed program was:
| /* confdefs.h.  */
| 
| #define PACKAGE_NAME ""
| #define PACKAGE_TARNAME ""
| #define PACKAGE_VERSION ""
| #define PACKAGE_STRING ""
| #define PACKAGE_BUGREPORT ""
| #define PACKAGE "pong"
| #define VERSION "0.1"
| /* end confdefs.h.  */
| 
| /* Override any gcc2 internal prototype to avoid an error.  */
| #ifdef __cplusplus
| extern "C"
| #endif
| /* We use char because int might match the return type of a gcc2
|    builtin and then its argument prototype would still apply.  */
| char strerror ();
| int
| main ()
| {
| strerror ();
|   ;
|   return 0;
| }
configure:2779: result: no
configure:2841: checking for g++
configure:2857: found /usr/bin/g++
configure:2867: result: g++
configure:2883: checking for C++ compiler version
configure:2886: g++ --version </dev/null >&5
g++ (GCC) 4.0.2 20050808 (prerelease) (Ubuntu 4.0.1-4ubuntu9)
Copyright (C) 2005 Free Software Foundation, Inc.
This is free software; see the source for copying conditions.  There is NO
warranty; not even for MERCHANTABILITY or FITNESS FOR A PARTICULAR PURPOSE.

configure:2889: $? = 0
configure:2891: g++ -v </dev/null >&5
Using built-in specs.
Target: i486-linux-gnu
Configured with: ../src/configure -v --enable-languages=c,c++,java,f95,objc,ada,treelang --prefix=/usr --with-gxx-include-dir=/usr/include/c++/4.0.2 --enable-shared --with-system-zlib --libexecdir=/usr/lib --enable-nls --without-included-gettext --enable-threads=posix --program-suffix=-4.0 --enable-__cxa_atexit --enable-libstdcxx-allocator=mt --enable-clocale=gnu --enable-libstdcxx-debug --enable-java-gc=boehm --enable-java-awt=gtk --enable-gtk-cairo --with-java-home=/usr/lib/jvm/java-1.4.2-gcj-4.0-1.4.2.0/jre --enable-mpfr --disable-werror --enable-checking=release i486-linux-gnu
Thread model: posix
gcc version 4.0.2 20050808 (prerelease) (Ubuntu 4.0.1-4ubuntu9)
configure:2894: $? = 0
configure:2896: g++ -V </dev/null >&5
g++: '-V' option must have argument
configure:2899: $? = 1
configure:2902: checking whether we are using the GNU C++ compiler
configure:2926: g++ -c   conftest.cc >&5
configure:2932: $? = 0
configure:2935: test -z 			 || test ! -s conftest.err
configure:2938: $? = 0
configure:2941: test -s conftest.o
configure:2944: $? = 0
configure:2957: result: yes
configure:2963: checking whether g++ accepts -g
configure:2984: g++ -c -g  conftest.cc >&5
configure:2990: $? = 0
configure:2993: test -z 			 || test ! -s conftest.err
configure:2996: $? = 0
configure:2999: test -s conftest.o
configure:3002: $? = 0
configure:3013: result: yes
configure:3055: g++ -c   conftest.cc >&5
configure:3061: $? = 0
configure:3064: test -z 			 || test ! -s conftest.err
configure:3067: $? = 0
configure:3070: test -s conftest.o
configure:3073: $? = 0
configure:3099: g++ -c   conftest.cc >&5
conftest.cc: In function 'int main()':
conftest.cc:15: error: 'exit' was not declared in this scope
configure:3105: $? = 1
configure: failed program was:
| /* confdefs.h.  */
| 
| #define PACKAGE_NAME ""
| #define PACKAGE_TARNAME ""
| #define PACKAGE_VERSION ""
| #define PACKAGE_STRING ""
| #define PACKAGE_BUGREPORT ""
| #define PACKAGE "pong"
| #define VERSION "0.1"
| /* end confdefs.h.  */
| 
| int
| main ()
| {
| exit (42);
|   ;
|   return 0;
| }
configure:3055: g++ -c   conftest.cc >&5
configure:3061: $? = 0
configure:3064: test -z 			 || test ! -s conftest.err
configure:3067: $? = 0
configure:3070: test -s conftest.o
configure:3073: $? = 0
configure:3099: g++ -c   conftest.cc >&5
configure:3105: $? = 0
configure:3108: test -z 			 || test ! -s conftest.err
configure:3111: $? = 0
configure:3114: test -s conftest.o
configure:3117: $? = 0
configure:3143: checking for gcc option to accept ANSI C
configure:3205: gcc  -c -g -O2  conftest.c >&5
configure:3211: $? = 0
configure:3214: test -z 			 || test ! -s conftest.err
configure:3217: $? = 0
configure:3220: test -s conftest.o
configure:3223: $? = 0
configure:3238: result: none needed
configure:3254: checking how to run the C preprocessor
configure:3289: gcc -E  conftest.c
configure:3295: $? = 0
configure:3327: gcc -E  conftest.c
conftest.c:14:28: error: ac_nonexistent.h: No such file or directory
configure:3333: $? = 1
configure: failed program was:
| /* confdefs.h.  */
| 
| #define PACKAGE_NAME ""
| #define PACKAGE_TARNAME ""
| #define PACKAGE_VERSION ""
| #define PACKAGE_STRING ""
| #define PACKAGE_BUGREPORT ""
| #define PACKAGE "pong"
| #define VERSION "0.1"
| #ifdef __cplusplus
| extern "C" void std::exit (int) throw (); using std::exit;
| #endif
| /* end confdefs.h.  */
| #include <ac_nonexistent.h>
configure:3372: result: gcc -E
configure:3396: gcc -E  conftest.c
configure:3402: $? = 0
configure:3434: gcc -E  conftest.c
conftest.c:14:28: error: ac_nonexistent.h: No such file or directory
configure:3440: $? = 1
configure: failed program was:
| /* confdefs.h.  */
| 
| #define PACKAGE_NAME ""
| #define PACKAGE_TARNAME ""
| #define PACKAGE_VERSION ""
| #define PACKAGE_STRING ""
| #define PACKAGE_BUGREPORT ""
| #define PACKAGE "pong"
| #define VERSION "0.1"
| #ifdef __cplusplus
| extern "C" void std::exit (int) throw (); using std::exit;
| #endif
| /* end confdefs.h.  */
| #include <ac_nonexistent.h>
configure:3484: checking for egrep
configure:3494: result: grep -E
configure:3499: checking for ANSI C header files
configure:3524: gcc -c -g -O2  conftest.c >&5
configure:3530: $? = 0
configure:3533: test -z 			 || test ! -s conftest.err
configure:3536: $? = 0
configure:3539: test -s conftest.o
configure:3542: $? = 0
configure:3631: gcc -o conftest -g -O2   conftest.c  >&5
conftest.c: In function 'main':
conftest.c:31: warning: incompatible implicit declaration of built-in function 'exit'
configure:3634: $? = 0
configure:3636: ./conftest
configure:3639: $? = 0
configure:3654: result: yes
configure:3742: checking build system type
configure:3760: result: i686-pc-linux-gnu
configure:3768: checking host system type
configure:3782: result: i686-pc-linux-gnu
configure:3790: checking for a sed that does not truncate output
configure:3844: result: /bin/sed
configure:3858: checking for ld used by gcc
configure:3925: result: /usr/bin/ld
configure:3934: checking if the linker (/usr/bin/ld) is GNU ld
configure:3949: result: yes
configure:3954: checking for /usr/bin/ld option to reload object files
configure:3961: result: -r
configure:3970: checking for BSD-compatible nm
configure:4012: result: /usr/bin/nm -B
configure:4016: checking whether ln -s works
configure:4020: result: yes
configure:4027: checking how to recognise dependent libraries
configure:4201: result: pass_all
configure:4422: checking for sys/types.h
configure:4438: gcc -c -g -O2  conftest.c >&5
configure:4444: $? = 0
configure:4447: test -z 			 || test ! -s conftest.err
configure:4450: $? = 0
configure:4453: test -s conftest.o
configure:4456: $? = 0
configure:4467: result: yes
configure:4422: checking for sys/stat.h
configure:4438: gcc -c -g -O2  conftest.c >&5
configure:4444: $? = 0
configure:4447: test -z 			 || test ! -s conftest.err
configure:4450: $? = 0
configure:4453: test -s conftest.o
configure:4456: $? = 0
configure:4467: result: yes
configure:4422: checking for stdlib.h
configure:4438: gcc -c -g -O2  conftest.c >&5
configure:4444: $? = 0
configure:4447: test -z 			 || test ! -s conftest.err
configure:4450: $? = 0
configure:4453: test -s conftest.o
configure:4456: $? = 0
configure:4467: result: yes
configure:4422: checking for string.h
configure:4438: gcc -c -g -O2  conftest.c >&5
configure:4444: $? = 0
configure:4447: test -z 			 || test ! -s conftest.err
configure:4450: $? = 0
configure:4453: test -s conftest.o
configure:4456: $? = 0
configure:4467: result: yes
configure:4422: checking for memory.h
configure:4438: gcc -c -g -O2  conftest.c >&5
configure:4444: $? = 0
configure:4447: test -z 			 || test ! -s conftest.err
configure:4450: $? = 0
configure:4453: test -s conftest.o
configure:4456: $? = 0
configure:4467: result: yes
configure:4422: checking for strings.h
configure:4438: gcc -c -g -O2  conftest.c >&5
configure:4444: $? = 0
configure:4447: test -z 			 || test ! -s conftest.err
configure:4450: $? = 0
configure:4453: test -s conftest.o
configure:4456: $? = 0
configure:4467: result: yes
configure:4422: checking for inttypes.h
configure:4438: gcc -c -g -O2  conftest.c >&5
configure:4444: $? = 0
configure:4447: test -z 			 || test ! -s conftest.err
configure:4450: $? = 0
configure:4453: test -s conftest.o
configure:4456: $? = 0
configure:4467: result: yes
configure:4422: checking for stdint.h
configure:4438: gcc -c -g -O2  conftest.c >&5
configure:4444: $? = 0
configure:4447: test -z 			 || test ! -s conftest.err
configure:4450: $? = 0
configure:4453: test -s conftest.o
configure:4456: $? = 0
configure:4467: result: yes
configure:4422: checking for unistd.h
configure:4438: gcc -c -g -O2  conftest.c >&5
configure:4444: $? = 0
configure:4447: test -z 			 || test ! -s conftest.err
configure:4450: $? = 0
configure:4453: test -s conftest.o
configure:4456: $? = 0
configure:4467: result: yes
configure:4493: checking dlfcn.h usability
configure:4505: gcc -c -g -O2  conftest.c >&5
configure:4511: $? = 0
configure:4514: test -z 			 || test ! -s conftest.err
configure:4517: $? = 0
configure:4520: test -s conftest.o
configure:4523: $? = 0
configure:4533: result: yes
configure:4537: checking dlfcn.h presence
configure:4547: gcc -E  conftest.c
configure:4553: $? = 0
configure:4573: result: yes
configure:4608: checking for dlfcn.h
configure:4615: result: yes
configure:4633: checking how to run the C++ preprocessor
configure:4664: g++ -E  conftest.cc
configure:4670: $? = 0
configure:4702: g++ -E  conftest.cc
conftest.cc:25:28: error: ac_nonexistent.h: No such file or directory
configure:4708: $? = 1
configure: failed program was:
| /* confdefs.h.  */
| 
| #define PACKAGE_NAME ""
| #define PACKAGE_TARNAME ""
| #define PACKAGE_VERSION ""
| #define PACKAGE_STRING ""
| #define PACKAGE_BUGREPORT ""
| #define PACKAGE "pong"
| #define VERSION "0.1"
| #ifdef __cplusplus
| extern "C" void std::exit (int) throw (); using std::exit;
| #endif
| #define STDC_HEADERS 1
| #define HAVE_SYS_TYPES_H 1
| #define HAVE_SYS_STAT_H 1
| #define HAVE_STDLIB_H 1
| #define HAVE_STRING_H 1
| #define HAVE_MEMORY_H 1
| #define HAVE_STRINGS_H 1
| #define HAVE_INTTYPES_H 1
| #define HAVE_STDINT_H 1
| #define HAVE_UNISTD_H 1
| #define HAVE_DLFCN_H 1
| /* end confdefs.h.  */
| #include <ac_nonexistent.h>
configure:4747: result: g++ -E
configure:4771: g++ -E  conftest.cc
configure:4777: $? = 0
configure:4809: g++ -E  conftest.cc
conftest.cc:25:28: error: ac_nonexistent.h: No such file or directory
configure:4815: $? = 1
configure: failed program was:
| /* confdefs.h.  */
| 
| #define PACKAGE_NAME ""
| #define PACKAGE_TARNAME ""
| #define PACKAGE_VERSION ""
| #define PACKAGE_STRING ""
| #define PACKAGE_BUGREPORT ""
| #define PACKAGE "pong"
| #define VERSION "0.1"
| #ifdef __cplusplus
| extern "C" void std::exit (int) throw (); using std::exit;
| #endif
| #define STDC_HEADERS 1
| #define HAVE_SYS_TYPES_H 1
| #define HAVE_SYS_STAT_H 1
| #define HAVE_STDLIB_H 1
| #define HAVE_STRING_H 1
| #define HAVE_MEMORY_H 1
| #define HAVE_STRINGS_H 1
| #define HAVE_INTTYPES_H 1
| #define HAVE_STDINT_H 1
| #define HAVE_UNISTD_H 1
| #define HAVE_DLFCN_H 1
| /* end confdefs.h.  */
| #include <ac_nonexistent.h>
configure:4910: checking for g77
configure:4939: result: no
configure:4910: checking for f77
configure:4939: result: no
configure:4910: checking for xlf
configure:4939: result: no
configure:4910: checking for frt
configure:4939: result: no
configure:4910: checking for pgf77
configure:4939: result: no
configure:4910: checking for fort77
configure:4939: result: no
configure:4910: checking for fl32
configure:4939: result: no
configure:4910: checking for af77
configure:4939: result: no
configure:4910: checking for f90
configure:4939: result: no
configure:4910: checking for xlf90
configure:4939: result: no
configure:4910: checking for pgf90
configure:4939: result: no
configure:4910: checking for epcf90
configure:4939: result: no
configure:4910: checking for f95
configure:4939: result: no
configure:4910: checking for fort
configure:4939: result: no
configure:4910: checking for xlf95
configure:4939: result: no
configure:4910: checking for ifc
configure:4939: result: no
configure:4910: checking for efc
configure:4939: result: no
configure:4910: checking for pgf95
configure:4939: result: no
configure:4910: checking for lf95
configure:4939: result: no
configure:4910: checking for gfortran
configure:4939: result: no
configure:4951: checking for Fortran 77 compiler version
configure:4954:  --version </dev/null >&5
./configure: line 4955: --version: command not found
configure:4957: $? = 127
configure:4959:  -v </dev/null >&5
./configure: line 4960: -v: command not found
configure:4962: $? = 127
configure:4964:  -V </dev/null >&5
./configure: line 4965: -V: command not found
configure:4967: $? = 127
configure:4975: checking whether we are using the GNU Fortran 77 compiler
configure:4989:  -c  conftest.F >&5
./configure: line 4990: -c: command not found
configure:4995: $? = 127
configure: failed program was:
|       program main
| #ifndef __GNUC__
|        choke me
| #endif
| 
|       end
configure:5020: result: no
configure:5026: checking whether  accepts -g
configure:5038:  -c -g conftest.f >&5
./configure: line 5039: -c: command not found
configure:5044: $? = 127
configure: failed program was:
|       program main
| 
|       end
configure:5068: result: no
configure:5098: checking the maximum length of command line arguments
configure:5163: result: 32768
configure:5174: checking command to parse /usr/bin/nm -B output from gcc object
configure:5263: gcc -c -g -O2  conftest.c >&5
configure:5266: $? = 0
configure:5270: /usr/bin/nm -B conftest.o \| sed -n -e 's/^.*[ 	]\([ABCDGIRSTW][ABCDGIRSTW]*\)[ 	][ 	]*\(\)\([_A-Za-z][_A-Za-z0-9]*\)$/\1 \2\3 \3/p' \> conftest.nm
configure:5273: $? = 0
configure:5325: gcc -o conftest -g -O2   conftest.c conftstm.o >&5
configure:5328: $? = 0
configure:5366: result: ok
configure:5370: checking for objdir
configure:5385: result: .libs
configure:5475: checking for ar
configure:5491: found /usr/bin/ar
configure:5502: result: ar
configure:5555: checking for ranlib
configure:5571: found /usr/bin/ranlib
configure:5582: result: ranlib
configure:5635: checking for strip
configure:5651: found /usr/bin/strip
configure:5662: result: strip
configure:5924: checking if gcc static flag  works
configure:5947: result: yes
configure:5965: checking if gcc supports -fno-rtti -fno-exceptions
configure:5983: gcc -c -g -O2  -fno-rtti -fno-exceptions conftest.c >&5
cc1: warning: command line option "-fno-rtti" is valid for C++/ObjC++ but not for C
configure:5987: $? = 0
configure:5998: result: no
configure:6013: checking for gcc option to produce PIC
configure:6190: result: -fPIC
configure:6198: checking if gcc PIC flag -fPIC works
configure:6216: gcc -c -g -O2  -fPIC -DPIC conftest.c >&5
configure:6220: $? = 0
configure:6231: result: yes
configure:6255: checking if gcc supports -c -o file.o
configure:6276: gcc -c -g -O2  -o out/conftest2.o conftest.c >&5
configure:6280: $? = 0
configure:6300: result: yes
configure:6326: checking whether the gcc linker (/usr/bin/ld) supports shared libraries
configure:7173: result: yes
configure:7199: checking whether -lc should be explicitly linked in
configure:7204: gcc -c -g -O2  conftest.c >&5
configure:7207: $? = 0
configure:7221: gcc -shared conftest.o  -v -Wl,-soname -Wl,conftest -o conftest 2\>\&1 \| grep  -lc  \>/dev/null 2\>\&1
configure:7224: $? = 0
configure:7236: result: no
configure:7244: checking dynamic linker characteristics
configure:7796: result: GNU/Linux ld.so
configure:7800: checking how to hardcode library paths into programs
configure:7825: result: immediate
configure:7839: checking whether stripping libraries is possible
configure:7844: result: yes
configure:8667: checking if libtool supports shared libraries
configure:8669: result: yes
configure:8672: checking whether to build shared libraries
configure:8730: result: yes
configure:8733: checking whether to build static libraries
configure:8737: result: yes
configure:8829: creating libtool
configure:9376: checking for ld used by g++
configure:9443: result: /usr/bin/ld
configure:9452: checking if the linker (/usr/bin/ld) is GNU ld
configure:9467: result: yes
configure:9518: checking whether the g++ linker (/usr/bin/ld) supports shared libraries
configure:10344: result: yes
configure:10362: g++ -c   conftest.cc >&5
configure:10365: $? = 0
configure:10461: checking for g++ option to produce PIC
configure:10713: result: -fPIC
configure:10721: checking if g++ PIC flag -fPIC works
configure:10739: g++ -c   -fPIC -DPIC conftest.cc >&5
configure:10743: $? = 0
configure:10754: result: yes
configure:10778: checking if g++ supports -c -o file.o
configure:10799: g++ -c   -o out/conftest2.o conftest.cc >&5
configure:10803: $? = 0
configure:10823: result: yes
configure:10849: checking whether the g++ linker (/usr/bin/ld) supports shared libraries
configure:10877: result: yes
configure:10948: checking dynamic linker characteristics
configure:11500: result: GNU/Linux ld.so
configure:11504: checking how to hardcode library paths into programs
configure:11529: result: immediate
configure:11543: checking whether stripping libraries is possible
configure:11548: result: yes
configure:18954: creating ./config.status

## ---------------- ##
## Cache variables. ##
## ---------------- ##

ac_cv_build=i686-pc-linux-gnu
ac_cv_build_alias=i686-pc-linux-gnu
ac_cv_c_compiler_gnu=yes
ac_cv_cxx_compiler_gnu=yes
ac_cv_env_CC_set=
ac_cv_env_CC_value=
ac_cv_env_CFLAGS_set=
ac_cv_env_CFLAGS_value=
ac_cv_env_CPPFLAGS_set=
ac_cv_env_CPPFLAGS_value=
ac_cv_env_CPP_set=
ac_cv_env_CPP_value=
ac_cv_env_CXXCPP_set=
ac_cv_env_CXXCPP_value=
ac_cv_env_CXXFLAGS_set=
ac_cv_env_CXXFLAGS_value=
ac_cv_env_CXX_set=
ac_cv_env_CXX_value=
ac_cv_env_F77_set=
ac_cv_env_F77_value=
ac_cv_env_FFLAGS_set=
ac_cv_env_FFLAGS_value=
ac_cv_env_LDFLAGS_set=
ac_cv_env_LDFLAGS_value=
ac_cv_env_build_alias_set=
ac_cv_env_build_alias_value=
ac_cv_env_host_alias_set=
ac_cv_env_host_alias_value=
ac_cv_env_target_alias_set=
ac_cv_env_target_alias_value=
ac_cv_exeext=
ac_cv_f77_compiler_gnu=no
ac_cv_header_dlfcn_h=yes
ac_cv_header_inttypes_h=yes
ac_cv_header_memory_h=yes
ac_cv_header_stdc=yes
ac_cv_header_stdint_h=yes
ac_cv_header_stdlib_h=yes
ac_cv_header_string_h=yes
ac_cv_header_strings_h=yes
ac_cv_header_sys_stat_h=yes
ac_cv_header_sys_types_h=yes
ac_cv_header_unistd_h=yes
ac_cv_host=i686-pc-linux-gnu
ac_cv_host_alias=i686-pc-linux-gnu
ac_cv_lib_cposix_strerror=no
ac_cv_objext=o
ac_cv_path_install='/usr/bin/install -c'
ac_cv_prog_CPP='gcc -E'
ac_cv_prog_CXXCPP='g++ -E'
ac_cv_prog_ac_ct_AR=ar
ac_cv_prog_ac_ct_CC=gcc
ac_cv_prog_ac_ct_CXX=g++
ac_cv_prog_ac_ct_RANLIB=ranlib
ac_cv_prog_ac_ct_STRIP=strip
ac_cv_prog_cc_g=yes
ac_cv_prog_cc_stdc=
ac_cv_prog_cxx_g=yes
ac_cv_prog_egrep='grep -E'
ac_cv_prog_f77_g=no
ac_cv_prog_make_make_set=yes
am_cv_prog_cc_stdc=
lt_cv_deplibs_check_method=pass_all
lt_cv_file_magic_cmd='$MAGIC_CMD'
lt_cv_file_magic_test_file=
lt_cv_ld_reload_flag=-r
lt_cv_objdir=.libs
lt_cv_path_LD=/usr/bin/ld
lt_cv_path_LDCXX=/usr/bin/ld
lt_cv_path_NM='/usr/bin/nm -B'
lt_cv_path_SED=/bin/sed
lt_cv_prog_compiler_c_o=yes
lt_cv_prog_compiler_c_o_CXX=yes
lt_cv_prog_compiler_rtti_exceptions=no
lt_cv_prog_gnu_ld=yes
lt_cv_prog_gnu_ldcxx=yes
lt_cv_sys_global_symbol_pipe='sed -n -e '\''s/^.*[ 	]\([ABCDGIRSTW][ABCDGIRSTW]*\)[ 	][ 	]*\(\)\([_A-Za-z][_A-Za-z0-9]*\)$/\1 \2\3 \3/p'\'''
lt_cv_sys_global_symbol_to_c_name_address='sed -n -e '\''s/^: \([^ ]*\) $/  {\"\1\", (lt_ptr) 0},/p'\'' -e '\''s/^[BCDEGRST] \([^ ]*\) \([^ ]*\)$/  {"\2", (lt_ptr) \&\2},/p'\'''
lt_cv_sys_global_symbol_to_cdecl='sed -n -e '\''s/^. .* \(.*\)$/extern int \1;/p'\'''
lt_cv_sys_max_cmd_len=32768
lt_lt_cv_prog_compiler_c_o='"yes"'
lt_lt_cv_prog_compiler_c_o_CXX='"yes"'
lt_lt_cv_sys_global_symbol_pipe='"sed -n -e '\''s/^.*[ 	]\\([ABCDGIRSTW][ABCDGIRSTW]*\\)[ 	][ 	]*\\(\\)\\([_A-Za-z][_A-Za-z0-9]*\\)\$/\\1 \\2\\3 \\3/p'\''"'
lt_lt_cv_sys_global_symbol_to_c_name_address='"sed -n -e '\''s/^: \\([^ ]*\\) \$/  {\\\"\\1\\\", (lt_ptr) 0},/p'\'' -e '\''s/^[BCDEGRST] \\([^ ]*\\) \\([^ ]*\\)\$/  {\"\\2\", (lt_ptr) \\&\\2},/p'\''"'
lt_lt_cv_sys_global_symbol_to_cdecl='"sed -n -e '\''s/^. .* \\(.*\\)\$/extern int \\1;/p'\''"'

## ----------------- ##
## Output variables. ##
## ----------------- ##

ACLOCAL='aclocal-1.4'
AR='ar'
AUTOCONF='autoconf'
AUTOHEADER='autoheader'
AUTOMAKE='automake-1.4'
CC='gcc'
CFLAGS='-g -O2'
CPP='gcc -E'
CPPFLAGS=''
CXX='g++'
CXXCPP='g++ -E'
CXXFLAGS=''
DEFS='-DHAVE_CONFIG_H'
ECHO='echo'
ECHO_C=''
ECHO_N='-n'
ECHO_T=''
EGREP='grep -E'
EXEEXT=''
F77=''
FFLAGS=''
INSTALL_DATA='${INSTALL} -m 644'
INSTALL_PROGRAM='${INSTALL}'
INSTALL_SCRIPT='${INSTALL}'
LDFLAGS=''
LIBOBJS=''
LIBS=''
LIBTOOL='$(SHELL) $(top_builddir)/libtool'
LN_S='ln -s'
LTLIBOBJS=''
MAKEINFO='makeinfo'
NO_PREFIX_PACKAGE_DATA_DIR='share'
NO_PREFIX_PACKAGE_DOC_DIR='doc/pong'
NO_PREFIX_PACKAGE_HELP_DIR='share/help'
NO_PREFIX_PACKAGE_MENU_DIR='share'
NO_PREFIX_PACKAGE_PIXMAPS_DIR='share/pixmaps'
OBJEXT='o'
PACKAGE='pong'
PACKAGE_BUGREPORT=''
PACKAGE_DATA_DIR='/usr/local/share'
PACKAGE_DOC_DIR='/usr/local/doc/pong'
PACKAGE_HELP_DIR='/usr/local/share/help'
PACKAGE_MENU_DIR='/usr/local/share'
PACKAGE_NAME=''
PACKAGE_PIXMAPS_DIR='/usr/local/share/pixmaps'
PACKAGE_STRING=''
PACKAGE_TARNAME=''
PACKAGE_VERSION=''
PATH_SEPARATOR=':'
RANLIB='ranlib'
SET_MAKE=''
SHELL='/bin/sh'
STRIP='strip'
VERSION='0.1'
ac_ct_AR='ar'
ac_ct_CC='gcc'
ac_ct_CXX='g++'
ac_ct_F77=''
ac_ct_RANLIB='ranlib'
ac_ct_STRIP='strip'
bindir='${exec_prefix}/bin'
build='i686-pc-linux-gnu'
build_alias=''
build_cpu='i686'
build_os='linux-gnu'
build_vendor='pc'
datadir='${prefix}/share'
exec_prefix='${prefix}'
host='i686-pc-linux-gnu'
host_alias=''
host_cpu='i686'
host_os='linux-gnu'
host_vendor='pc'
includedir='${prefix}/include'
infodir='${prefix}/info'
libdir='${exec_prefix}/lib'
libexecdir='${exec_prefix}/libexec'
localstatedir='${prefix}/var'
mandir='${prefix}/man'
oldincludedir='/usr/include'
prefix='/usr/local'
program_transform_name='s,x,x,'
sbindir='${exec_prefix}/sbin'
sharedstatedir='${prefix}/com'
sysconfdir='${prefix}/etc'
target_alias=''

## ----------- ##
## confdefs.h. ##
## ----------- ##

#define HAVE_DLFCN_H 1
#define HAVE_INTTYPES_H 1
#define HAVE_MEMORY_H 1
#define HAVE_STDINT_H 1
#define HAVE_STDLIB_H 1
#define HAVE_STRINGS_H 1
#define HAVE_STRING_H 1
#define HAVE_SYS_STAT_H 1
#define HAVE_SYS_TYPES_H 1
#define HAVE_UNISTD_H 1
#define PACKAGE "pong"
#define PACKAGE_BUGREPORT ""
#define PACKAGE_DATA_DIR "/usr/local/share"
#define PACKAGE_DOC_DIR "/usr/local/doc/pong"
#define PACKAGE_HELP_DIR "/usr/local/share/help"
#define PACKAGE_MENU_DIR "/usr/local/share"
#define PACKAGE_NAME ""
#define PACKAGE_PIXMAPS_DIR "/usr/local/share/pixmaps"
#define PACKAGE_SOURCE_DIR "/home/scls/openphysic/pong/trunk"
#define PACKAGE_STRING ""
#define PACKAGE_TARNAME ""
#define PACKAGE_VERSION ""
#define STDC_HEADERS 1
#define VERSION "0.1"
#endif
#ifdef __cplusplus
extern "C" void std::exit (int) throw (); using std::exit;

configure: exit 0

## ---------------------- ##
## Running config.status. ##
## ---------------------- ##

This file was extended by config.status, which was
generated by GNU Autoconf 2.59.  Invocation command line was

  CONFIG_FILES    = Makefile
  CONFIG_HEADERS  = 
  CONFIG_LINKS    = 
  CONFIG_COMMANDS = 
  $ ./config.status 

on dell

config.status:744: creating Makefile
config.status:1088: executing default-1 commands

## ---------------------- ##
## Running config.status. ##
## ---------------------- ##

This file was extended by config.status, which was
generated by GNU Autoconf 2.59.  Invocation command line was

  CONFIG_FILES    = 
  CONFIG_HEADERS  = config.h
  CONFIG_LINKS    = 
  CONFIG_COMMANDS = 
  $ ./config.status 

on dell

config.status:810: creating config.h
config.status:930: config.h is unchanged
config.status:1088: executing default-1 commands

## ---------------------- ##
## Running config.status. ##
## ---------------------- ##

This file was extended by config.status, which was
generated by GNU Autoconf 2.59.  Invocation command line was

  CONFIG_FILES    = src/Makefile
  CONFIG_HEADERS  = 
  CONFIG_LINKS    = 
  CONFIG_COMMANDS = 
  $ ./config.status 

on dell

config.status:744: creating src/Makefile
config.status:1088: executing default-1 commands

## ---------------------- ##
## Running config.status. ##
## ---------------------- ##

This file was extended by config.status, which was
generated by GNU Autoconf 2.59.  Invocation command line was

  CONFIG_FILES    = pixmaps/Makefile
  CONFIG_HEADERS  = 
  CONFIG_LINKS    = 
  CONFIG_COMMANDS = 
  $ ./config.status 

on dell

config.status:744: creating pixmaps/Makefile
config.status:1088: executing default-1 commands

## ---------------------- ##
## Running config.status. ##
## ---------------------- ##

This file was extended by config.status, which was
generated by GNU Autoconf 2.59.  Invocation command line was

  CONFIG_FILES    = pixmaps/Makefile
  CONFIG_HEADERS  = 
  CONFIG_LINKS    = 
  CONFIG_COMMANDS = 
  $ ./config.status 

on ATHLON-XP-2100

config.status:744: creating pixmaps/Makefile
config.status:1088: executing default-1 commands
