

*******************************************************************************
Mon Oct 31 15:13:48 2005


FIT:    data read from '-'
BREAK:          bad data on line 2 of datafile



*******************************************************************************
Mon Oct 31 15:14:29 2005


FIT:    data read from '-'
        #datapoints = 7
        residuals are weighted equally (unit weight)

function used for fitting: U(x)
fitted parameters initialized with current variable values



Iteration 0
WSSR        : 444.173           delta(WSSR)/WSSR   : 0
delta(WSSR) : 0                 limit for stopping : 1e-05
lambda	  : 0.769972

initial set of free parameter values

E               = 1
r               = 1

After 4 iterations the fit converged.
final sum of squares of residuals : 0.000181138
rel. change during last iteration : -2.36698e-08

degrees of freedom (ndf) : 5
rms of residuals      (stdfit) = sqrt(WSSR/ndf)      : 0.00601893
variance of residuals (reduced chisquare) = WSSR/ndf : 3.62275e-05

Final set of parameters            Asymptotic Standard Error
=======================            ==========================

E               = 8.99784          +/- 0.003755     (0.04173%)
r               = 1.09371          +/- 0.008714     (0.7967%)


correlation matrix of the fit parameters:

               E      r      
E               1.000 
r               0.796  1.000 


*******************************************************************************
Mon Oct 31 15:15:01 2005


FIT:    data read from '-'
        #datapoints = 7
        residuals are weighted equally (unit weight)

function used for fitting: U(I)
fitted parameters initialized with current variable values



*******************************************************************************
Mon Oct 31 15:15:26 2005


FIT:    data read from '-'
        #datapoints = 7
        residuals are weighted equally (unit weight)

function used for fitting: U(I)
fitted parameters initialized with current variable values



*******************************************************************************
Mon Oct 31 15:15:36 2005


FIT:    data read from '-'
        #datapoints = 7
        residuals are weighted equally (unit weight)

function used for fitting: U(I)
fitted parameters initialized with current variable values



*******************************************************************************
Mon Oct 31 15:15:57 2005


FIT:    data read from '-'
        #datapoints = 7
        residuals are weighted equally (unit weight)

function used for fitting: U(I)
fitted parameters initialized with current variable values



*******************************************************************************
Mon Oct 31 15:16:12 2005


FIT:    data read from '-'
        #datapoints = 7
        residuals are weighted equally (unit weight)

function used for fitting: U(x)
fitted parameters initialized with current variable values



Iteration 0
WSSR        : 0.000181138       delta(WSSR)/WSSR   : 0
delta(WSSR) : 0                 limit for stopping : 1e-05
lambda	  : 0.769972

initial set of free parameter values

E               = 8.99784
r               = 1.09371

After 1 iterations the fit converged.
final sum of squares of residuals : 0.000181138
rel. change during last iteration : -6.58406e-14

degrees of freedom (ndf) : 5
rms of residuals      (stdfit) = sqrt(WSSR/ndf)      : 0.00601893
variance of residuals (reduced chisquare) = WSSR/ndf : 3.62275e-05

Final set of parameters            Asymptotic Standard Error
=======================            ==========================

E               = 8.99784          +/- 0.003755     (0.04173%)
r               = 1.09371          +/- 0.008714     (0.7967%)


correlation matrix of the fit parameters:

               E      r      
E               1.000 
r               0.796  1.000 


*******************************************************************************
Mon Oct 31 15:16:49 2005


FIT:    data read from '-'
        #datapoints = 7
        residuals are weighted equally (unit weight)

function used for fitting: U(x)
fitted parameters initialized with current variable values



Iteration 0
WSSR        : 0.000181138       delta(WSSR)/WSSR   : 0
delta(WSSR) : 0                 limit for stopping : 1e-05
lambda	  : 0.769972

initial set of free parameter values

E               = 8.99784
r               = 1.09371

After 1 iterations the fit converged.
final sum of squares of residuals : 0.000181138
rel. change during last iteration : 0

degrees of freedom (ndf) : 5
rms of residuals      (stdfit) = sqrt(WSSR/ndf)      : 0.00601893
variance of residuals (reduced chisquare) = WSSR/ndf : 3.62275e-05

Final set of parameters            Asymptotic Standard Error
=======================            ==========================

E               = 8.99784          +/- 0.003755     (0.04173%)
r               = 1.09371          +/- 0.008714     (0.7967%)


correlation matrix of the fit parameters:

               E      r      
E               1.000 
r               0.796  1.000 


*******************************************************************************
Mon Oct 31 15:16:59 2005


FIT:    data read from '-'
        #datapoints = 7
        residuals are weighted equally (unit weight)

function used for fitting: U(x)
fitted parameters initialized with current variable values



Iteration 0
WSSR        : 0.000181138       delta(WSSR)/WSSR   : 0
delta(WSSR) : 0                 limit for stopping : 1e-05
lambda	  : 0.769972

initial set of free parameter values

E               = 8.99784
r               = 1.09371

After 1 iterations the fit converged.
final sum of squares of residuals : 0.000181138
rel. change during last iteration : 0

degrees of freedom (ndf) : 5
rms of residuals      (stdfit) = sqrt(WSSR/ndf)      : 0.00601893
variance of residuals (reduced chisquare) = WSSR/ndf : 3.62275e-05

Final set of parameters            Asymptotic Standard Error
=======================            ==========================

E               = 8.99784          +/- 0.003755     (0.04173%)
r               = 1.09371          +/- 0.008714     (0.7967%)


correlation matrix of the fit parameters:

               E      r      
E               1.000 
r               0.796  1.000 


*******************************************************************************
Mon Oct 31 15:18:15 2005


FIT:    data read from '-'
        #datapoints = 7
        residuals are weighted equally (unit weight)

function used for fitting: U(x)
fitted parameters initialized with current variable values



Iteration 0
WSSR        : 0.000181138       delta(WSSR)/WSSR   : 0
delta(WSSR) : 0                 limit for stopping : 1e-05
lambda	  : 0.769972

initial set of free parameter values

E               = 8.99784
r               = 1.09371

After 1 iterations the fit converged.
final sum of squares of residuals : 0.000181138
rel. change during last iteration : 0

degrees of freedom (ndf) : 5
rms of residuals      (stdfit) = sqrt(WSSR/ndf)      : 0.00601893
variance of residuals (reduced chisquare) = WSSR/ndf : 3.62275e-05

Final set of parameters            Asymptotic Standard Error
=======================            ==========================

E               = 8.99784          +/- 0.003755     (0.04173%)
r               = 1.09371          +/- 0.008714     (0.7967%)


correlation matrix of the fit parameters:

               E      r      
E               1.000 
r               0.796  1.000 


*******************************************************************************
Mon Nov 21 10:45:41 2005


FIT:    data read from 'main.dat' using 1:2
        #datapoints = 10
        residuals are weighted equally (unit weight)

function used for fitting: U(x)
fitted parameters initialized with current variable values



Iteration 0
WSSR        : 10278.1           delta(WSSR)/WSSR   : 0
delta(WSSR) : 0                 limit for stopping : 1e-05
lambda	  : 23.3152

initial set of free parameter values

a               = 1
b               = 1

After 4 iterations the fit converged.
final sum of squares of residuals : 0.369787
rel. change during last iteration : -6.33682e-06

degrees of freedom (ndf) : 8
rms of residuals      (stdfit) = sqrt(WSSR/ndf)      : 0.214996
variance of residuals (reduced chisquare) = WSSR/ndf : 0.0462234

Final set of parameters            Asymptotic Standard Error
=======================            ==========================

a               = 0.0302318        +/- 0.003132     (10.36%)
b               = 0.870252         +/- 0.1032       (11.86%)


correlation matrix of the fit parameters:

               a      b      
a               1.000 
b              -0.752  1.000 


*******************************************************************************
Mon Nov 21 10:46:42 2005


FIT:    data read from 'main_select.dat' using 1:2
        #datapoints = 7
        residuals are weighted equally (unit weight)

function used for fitting: U(x)
fitted parameters initialized with current variable values



Iteration 0
WSSR        : 0.12688           delta(WSSR)/WSSR   : 0
delta(WSSR) : 0                 limit for stopping : 1e-05
lambda	  : 27.8632

initial set of free parameter values

a               = 0.0302318
b               = 0.870252

After 5 iterations the fit converged.
final sum of squares of residuals : 0.000751549
rel. change during last iteration : -1.23465e-07

degrees of freedom (ndf) : 5
rms of residuals      (stdfit) = sqrt(WSSR/ndf)      : 0.0122601
variance of residuals (reduced chisquare) = WSSR/ndf : 0.00015031

Final set of parameters            Asymptotic Standard Error
=======================            ==========================

a               = 0.0232209        +/- 0.0002691    (1.159%)
b               = 1.17732          +/- 0.0106       (0.9004%)


correlation matrix of the fit parameters:

               a      b      
a               1.000 
b              -0.899  1.000 


*******************************************************************************
Mon Nov 21 10:50:41 2005


FIT:    data read from 'main_select.dat' using 1:2
        #datapoints = 7
        residuals are weighted equally (unit weight)

function used for fitting: U(x)
fitted parameters initialized with current variable values



Iteration 0
WSSR        : 0.000751549       delta(WSSR)/WSSR   : 0
delta(WSSR) : 0                 limit for stopping : 1e-05
lambda	  : 27.8632

initial set of free parameter values

a               = 0.0232209
b               = 1.17732

After 1 iterations the fit converged.
final sum of squares of residuals : 0.000751549
rel. change during last iteration : 0

degrees of freedom (ndf) : 5
rms of residuals      (stdfit) = sqrt(WSSR/ndf)      : 0.0122601
variance of residuals (reduced chisquare) = WSSR/ndf : 0.00015031

Final set of parameters            Asymptotic Standard Error
=======================            ==========================

a               = 0.0232209        +/- 0.0002691    (1.159%)
b               = 1.17732          +/- 0.0106       (0.9004%)


correlation matrix of the fit parameters:

               a      b      
a               1.000 
b              -0.899  1.000 


*******************************************************************************
Mon Nov 21 10:52:22 2005


FIT:    data read from 'main_select.dat' using 1:2
        #datapoints = 7
        residuals are weighted equally (unit weight)

function used for fitting: U(x)
fitted parameters initialized with current variable values



Iteration 0
WSSR        : 0.000751549       delta(WSSR)/WSSR   : 0
delta(WSSR) : 0                 limit for stopping : 1e-05
lambda	  : 27.8632

initial set of free parameter values

a               = 0.0232209
b               = 1.17732

After 1 iterations the fit converged.
final sum of squares of residuals : 0.000751549
rel. change during last iteration : 0

degrees of freedom (ndf) : 5
rms of residuals      (stdfit) = sqrt(WSSR/ndf)      : 0.0122601
variance of residuals (reduced chisquare) = WSSR/ndf : 0.00015031

Final set of parameters            Asymptotic Standard Error
=======================            ==========================

a               = 0.0232209        +/- 0.0002691    (1.159%)
b               = 1.17732          +/- 0.0106       (0.9004%)


correlation matrix of the fit parameters:

               a      b      
a               1.000 
b              -0.899  1.000 


*******************************************************************************
Mon Nov 21 10:53:44 2005


FIT:    data read from 'main_select.dat' using 1:2
        #datapoints = 7
        residuals are weighted equally (unit weight)

function used for fitting: U(x)
fitted parameters initialized with current variable values



Iteration 0
WSSR        : 5.84596           delta(WSSR)/WSSR   : 0
delta(WSSR) : 0                 limit for stopping : 1e-05
lambda	  : 0.707655

initial set of free parameter values

a               = 0.0232209
b               = 1.17732

After 5 iterations the fit converged.
final sum of squares of residuals : 0.000751549
rel. change during last iteration : -2.38603e-08

degrees of freedom (ndf) : 5
rms of residuals      (stdfit) = sqrt(WSSR/ndf)      : 0.0122601
variance of residuals (reduced chisquare) = WSSR/ndf : 0.00015031

Final set of parameters            Asymptotic Standard Error
=======================            ==========================

a               = 23.2209          +/- 0.2691       (1.159%)
b               = 1.17732          +/- 0.0106       (0.9004%)


correlation matrix of the fit parameters:

               a      b      
a               1.000 
b              -0.899  1.000 


*******************************************************************************
Mon Nov 21 10:54:27 2005


FIT:    data read from 'main_select.dat' using 1:2
        #datapoints = 7
        residuals are weighted equally (unit weight)

function used for fitting: U(x)
fitted parameters initialized with current variable values



Iteration 0
WSSR        : 7.53846           delta(WSSR)/WSSR   : 0
delta(WSSR) : 0                 limit for stopping : 1e-05
lambda	  : 0.707655

initial set of free parameter values

a               = 1
b               = 1

After 5 iterations the fit converged.
final sum of squares of residuals : 0.000751549
rel. change during last iteration : -2.18809e-08

degrees of freedom (ndf) : 5
rms of residuals      (stdfit) = sqrt(WSSR/ndf)      : 0.0122601
variance of residuals (reduced chisquare) = WSSR/ndf : 0.00015031

Final set of parameters            Asymptotic Standard Error
=======================            ==========================

a               = 23.2209          +/- 0.2691       (1.159%)
b               = 1.17732          +/- 0.0106       (0.9004%)


correlation matrix of the fit parameters:

               a      b      
a               1.000 
b              -0.899  1.000 


*******************************************************************************
Mon Nov 21 11:24:10 2005


FIT:    data read from 'main_select.dat' using 1:2
        #datapoints = 7
        residuals are weighted equally (unit weight)

function used for fitting: U(x)
fitted parameters initialized with current variable values



Iteration 0
WSSR        : 0.000751549       delta(WSSR)/WSSR   : 0
delta(WSSR) : 0                 limit for stopping : 1e-05
lambda	  : 0.707655

initial set of free parameter values

a               = 23.2209
b               = 1.17732

After 1 iterations the fit converged.
final sum of squares of residuals : 0.000751549
rel. change during last iteration : -2.59672e-15

degrees of freedom (ndf) : 5
rms of residuals      (stdfit) = sqrt(WSSR/ndf)      : 0.0122601
variance of residuals (reduced chisquare) = WSSR/ndf : 0.00015031

Final set of parameters            Asymptotic Standard Error
=======================            ==========================

a               = 23.2209          +/- 0.2691       (1.159%)
b               = 1.17732          +/- 0.0106       (0.9004%)


correlation matrix of the fit parameters:

               a      b      
a               1.000 
b              -0.899  1.000 


*******************************************************************************
Mon Nov 21 11:24:47 2005


FIT:    data read from 'main_select.dat' using 1:2
        #datapoints = 7
        residuals are weighted equally (unit weight)

function used for fitting: U(x)
fitted parameters initialized with current variable values



Iteration 0
WSSR        : 0.000751549       delta(WSSR)/WSSR   : 0
delta(WSSR) : 0                 limit for stopping : 1e-05
lambda	  : 0.707655

initial set of free parameter values

a               = 23.2209
b               = 1.17732

After 1 iterations the fit converged.
final sum of squares of residuals : 0.000751549
rel. change during last iteration : 0

degrees of freedom (ndf) : 5
rms of residuals      (stdfit) = sqrt(WSSR/ndf)      : 0.0122601
variance of residuals (reduced chisquare) = WSSR/ndf : 0.00015031

Final set of parameters            Asymptotic Standard Error
=======================            ==========================

a               = 23.2209          +/- 0.2691       (1.159%)
b               = 1.17732          +/- 0.0106       (0.9004%)


correlation matrix of the fit parameters:

               a      b      
a               1.000 
b              -0.899  1.000 


*******************************************************************************
Mon Nov 21 11:25:48 2005


FIT:    data read from 'main_select.dat' using 1:2
        #datapoints = 7
        residuals are weighted equally (unit weight)

function used for fitting: U(x)
fitted parameters initialized with current variable values



Iteration 0
WSSR        : 0.000751549       delta(WSSR)/WSSR   : 0
delta(WSSR) : 0                 limit for stopping : 1e-05
lambda	  : 0.707655

initial set of free parameter values

a               = 23.2209
b               = 1.17732

After 1 iterations the fit converged.
final sum of squares of residuals : 0.000751549
rel. change during last iteration : 0

degrees of freedom (ndf) : 5
rms of residuals      (stdfit) = sqrt(WSSR/ndf)      : 0.0122601
variance of residuals (reduced chisquare) = WSSR/ndf : 0.00015031

Final set of parameters            Asymptotic Standard Error
=======================            ==========================

a               = 23.2209          +/- 0.2691       (1.159%)
b               = 1.17732          +/- 0.0106       (0.9004%)


correlation matrix of the fit parameters:

               a      b      
a               1.000 
b              -0.899  1.000 


*******************************************************************************
Mon Nov 21 11:26:50 2005


FIT:    data read from 'main_select.dat' using 1:2
        #datapoints = 7
        residuals are weighted equally (unit weight)

function used for fitting: U(x)
fitted parameters initialized with current variable values



Iteration 0
WSSR        : 7.53846           delta(WSSR)/WSSR   : 0
delta(WSSR) : 0                 limit for stopping : 1e-05
lambda	  : 0.707655

initial set of free parameter values

a               = 1
b               = 1

After 5 iterations the fit converged.
final sum of squares of residuals : 0.000751549
rel. change during last iteration : -2.18809e-08

degrees of freedom (ndf) : 5
rms of residuals      (stdfit) = sqrt(WSSR/ndf)      : 0.0122601
variance of residuals (reduced chisquare) = WSSR/ndf : 0.00015031

Final set of parameters            Asymptotic Standard Error
=======================            ==========================

a               = 23.2209          +/- 0.2691       (1.159%)
b               = 1.17732          +/- 0.0106       (0.9004%)


correlation matrix of the fit parameters:

               a      b      
a               1.000 
b              -0.899  1.000 


*******************************************************************************
Mon Nov 21 11:31:18 2005


FIT:    data read from 'main_select.dat' using 1:2
        #datapoints = 7
        residuals are weighted equally (unit weight)

function used for fitting: U(x)
fitted parameters initialized with current variable values



Iteration 0
WSSR        : 7.53846           delta(WSSR)/WSSR   : 0
delta(WSSR) : 0                 limit for stopping : 1e-05
lambda	  : 0.707655

initial set of free parameter values

a               = 1
b               = 1

After 5 iterations the fit converged.
final sum of squares of residuals : 0.000751549
rel. change during last iteration : -2.18809e-08

degrees of freedom (ndf) : 5
rms of residuals      (stdfit) = sqrt(WSSR/ndf)      : 0.0122601
variance of residuals (reduced chisquare) = WSSR/ndf : 0.00015031

Final set of parameters            Asymptotic Standard Error
=======================            ==========================

a               = 23.2209          +/- 0.2691       (1.159%)
b               = 1.17732          +/- 0.0106       (0.9004%)


correlation matrix of the fit parameters:

               a      b      
a               1.000 
b              -0.899  1.000 


*******************************************************************************
Mon Nov 21 11:31:41 2005


FIT:    data read from 'main_select.dat' using 1:2
        #datapoints = 7
        residuals are weighted equally (unit weight)

function used for fitting: U(x)
fitted parameters initialized with current variable values



Iteration 0
WSSR        : 7.53846           delta(WSSR)/WSSR   : 0
delta(WSSR) : 0                 limit for stopping : 1e-05
lambda	  : 0.707655

initial set of free parameter values

a               = 1
b               = 1

After 5 iterations the fit converged.
final sum of squares of residuals : 0.000751549
rel. change during last iteration : -2.18809e-08

degrees of freedom (ndf) : 5
rms of residuals      (stdfit) = sqrt(WSSR/ndf)      : 0.0122601
variance of residuals (reduced chisquare) = WSSR/ndf : 0.00015031

Final set of parameters            Asymptotic Standard Error
=======================            ==========================

a               = 23.2209          +/- 0.2691       (1.159%)
b               = 1.17732          +/- 0.0106       (0.9004%)


correlation matrix of the fit parameters:

               a      b      
a               1.000 
b              -0.899  1.000 


*******************************************************************************
Mon Nov 21 11:31:48 2005


FIT:    data read from 'main_select.dat' using 1:2
        #datapoints = 7
        residuals are weighted equally (unit weight)

function used for fitting: U(x)
fitted parameters initialized with current variable values



Iteration 0
WSSR        : 7.53846           delta(WSSR)/WSSR   : 0
delta(WSSR) : 0                 limit for stopping : 1e-05
lambda	  : 0.707655

initial set of free parameter values

a               = 1
b               = 1

After 5 iterations the fit converged.
final sum of squares of residuals : 0.000751549
rel. change during last iteration : -2.18809e-08

degrees of freedom (ndf) : 5
rms of residuals      (stdfit) = sqrt(WSSR/ndf)      : 0.0122601
variance of residuals (reduced chisquare) = WSSR/ndf : 0.00015031

Final set of parameters            Asymptotic Standard Error
=======================            ==========================

a               = 23.2209          +/- 0.2691       (1.159%)
b               = 1.17732          +/- 0.0106       (0.9004%)


correlation matrix of the fit parameters:

               a      b      
a               1.000 
b              -0.899  1.000 


*******************************************************************************
Mon Nov 21 11:32:27 2005


FIT:    data read from 'main_select.dat' using 1:2
        #datapoints = 7
        residuals are weighted equally (unit weight)

function used for fitting: U(x)
fitted parameters initialized with current variable values



Iteration 0
WSSR        : 0.000751549       delta(WSSR)/WSSR   : 0
delta(WSSR) : 0                 limit for stopping : 1e-05
lambda	  : 0.707655

initial set of free parameter values

a               = 23.2209
b               = 1.17732

After 1 iterations the fit converged.
final sum of squares of residuals : 0.000751549
rel. change during last iteration : -2.59672e-15

degrees of freedom (ndf) : 5
rms of residuals      (stdfit) = sqrt(WSSR/ndf)      : 0.0122601
variance of residuals (reduced chisquare) = WSSR/ndf : 0.00015031

Final set of parameters            Asymptotic Standard Error
=======================            ==========================

a               = 23.2209          +/- 0.2691       (1.159%)
b               = 1.17732          +/- 0.0106       (0.9004%)


correlation matrix of the fit parameters:

               a      b      
a               1.000 
b              -0.899  1.000 


*******************************************************************************
Mon Nov 21 11:32:30 2005


FIT:    data read from 'main_select.dat' using 1:2
        #datapoints = 7
        residuals are weighted equally (unit weight)

function used for fitting: U(x)
fitted parameters initialized with current variable values



Iteration 0
WSSR        : 7.53846           delta(WSSR)/WSSR   : 0
delta(WSSR) : 0                 limit for stopping : 1e-05
lambda	  : 0.707655

initial set of free parameter values

a               = 1
b               = 1

After 5 iterations the fit converged.
final sum of squares of residuals : 0.000751549
rel. change during last iteration : -2.18809e-08

degrees of freedom (ndf) : 5
rms of residuals      (stdfit) = sqrt(WSSR/ndf)      : 0.0122601
variance of residuals (reduced chisquare) = WSSR/ndf : 0.00015031

Final set of parameters            Asymptotic Standard Error
=======================            ==========================

a               = 23.2209          +/- 0.2691       (1.159%)
b               = 1.17732          +/- 0.0106       (0.9004%)


correlation matrix of the fit parameters:

               a      b      
a               1.000 
b              -0.899  1.000 


*******************************************************************************
Mon Nov 21 11:39:27 2005


FIT:    data read from 'main_select.dat' using 1:2
        #datapoints = 7
        residuals are weighted equally (unit weight)

function used for fitting: U(x)
fitted parameters initialized with current variable values



Iteration 0
WSSR        : 7.53846           delta(WSSR)/WSSR   : 0
delta(WSSR) : 0                 limit for stopping : 1e-05
lambda	  : 0.707655

initial set of free parameter values

a               = 1
b               = 1

After 5 iterations the fit converged.
final sum of squares of residuals : 0.000751549
rel. change during last iteration : -2.18809e-08

degrees of freedom (ndf) : 5
rms of residuals      (stdfit) = sqrt(WSSR/ndf)      : 0.0122601
variance of residuals (reduced chisquare) = WSSR/ndf : 0.00015031

Final set of parameters            Asymptotic Standard Error
=======================            ==========================

a               = 23.2209          +/- 0.2691       (1.159%)
b               = 1.17732          +/- 0.0106       (0.9004%)


correlation matrix of the fit parameters:

               a      b      
a               1.000 
b              -0.899  1.000 


*******************************************************************************
Mon Nov 21 11:40:50 2005


FIT:    data read from 'main_select.dat' using 1:2
        #datapoints = 7
        residuals are weighted equally (unit weight)

function used for fitting: U(x)
fitted parameters initialized with current variable values



Iteration 0
WSSR        : 7.53846           delta(WSSR)/WSSR   : 0
delta(WSSR) : 0                 limit for stopping : 1e-05
lambda	  : 0.707655

initial set of free parameter values

a               = 1
b               = 1

After 5 iterations the fit converged.
final sum of squares of residuals : 0.000751549
rel. change during last iteration : -2.18809e-08

degrees of freedom (ndf) : 5
rms of residuals      (stdfit) = sqrt(WSSR/ndf)      : 0.0122601
variance of residuals (reduced chisquare) = WSSR/ndf : 0.00015031

Final set of parameters            Asymptotic Standard Error
=======================            ==========================

a               = 23.2209          +/- 0.2691       (1.159%)
b               = 1.17732          +/- 0.0106       (0.9004%)


correlation matrix of the fit parameters:

               a      b      
a               1.000 
b              -0.899  1.000 


*******************************************************************************
Mon Nov 21 11:41:45 2005


FIT:    data read from 'main_select.dat' using 1:2
        #datapoints = 7
        residuals are weighted equally (unit weight)

function used for fitting: U(x)
fitted parameters initialized with current variable values



Iteration 0
WSSR        : 7.53846           delta(WSSR)/WSSR   : 0
delta(WSSR) : 0                 limit for stopping : 1e-05
lambda	  : 0.707655

initial set of free parameter values

a               = 1
b               = 1

After 5 iterations the fit converged.
final sum of squares of residuals : 0.000751549
rel. change during last iteration : -2.18809e-08

degrees of freedom (ndf) : 5
rms of residuals      (stdfit) = sqrt(WSSR/ndf)      : 0.0122601
variance of residuals (reduced chisquare) = WSSR/ndf : 0.00015031

Final set of parameters            Asymptotic Standard Error
=======================            ==========================

a               = 23.2209          +/- 0.2691       (1.159%)
b               = 1.17732          +/- 0.0106       (0.9004%)


correlation matrix of the fit parameters:

               a      b      
a               1.000 
b              -0.899  1.000 


*******************************************************************************
Mon Nov 21 11:43:30 2005


FIT:    data read from 'main_select.dat' using 1:2
        #datapoints = 7
        residuals are weighted equally (unit weight)

function used for fitting: U(x)
fitted parameters initialized with current variable values



Iteration 0
WSSR        : 7.53846           delta(WSSR)/WSSR   : 0
delta(WSSR) : 0                 limit for stopping : 1e-05
lambda	  : 0.707655

initial set of free parameter values

a               = 1
b               = 1

After 5 iterations the fit converged.
final sum of squares of residuals : 0.000751549
rel. change during last iteration : -2.18809e-08

degrees of freedom (ndf) : 5
rms of residuals      (stdfit) = sqrt(WSSR/ndf)      : 0.0122601
variance of residuals (reduced chisquare) = WSSR/ndf : 0.00015031

Final set of parameters            Asymptotic Standard Error
=======================            ==========================

a               = 23.2209          +/- 0.2691       (1.159%)
b               = 1.17732          +/- 0.0106       (0.9004%)


correlation matrix of the fit parameters:

               a      b      
a               1.000 
b              -0.899  1.000 


*******************************************************************************
Mon Nov 21 11:43:48 2005


FIT:    data read from 'main_select.dat' using 1:2
        #datapoints = 7
        residuals are weighted equally (unit weight)

function used for fitting: U(x)
fitted parameters initialized with current variable values



Iteration 0
WSSR        : 7.53846           delta(WSSR)/WSSR   : 0
delta(WSSR) : 0                 limit for stopping : 1e-05
lambda	  : 0.707655

initial set of free parameter values

a               = 1
b               = 1

After 5 iterations the fit converged.
final sum of squares of residuals : 0.000751549
rel. change during last iteration : -2.18809e-08

degrees of freedom (ndf) : 5
rms of residuals      (stdfit) = sqrt(WSSR/ndf)      : 0.0122601
variance of residuals (reduced chisquare) = WSSR/ndf : 0.00015031

Final set of parameters            Asymptotic Standard Error
=======================            ==========================

a               = 23.2209          +/- 0.2691       (1.159%)
b               = 1.17732          +/- 0.0106       (0.9004%)


correlation matrix of the fit parameters:

               a      b      
a               1.000 
b              -0.899  1.000 


*******************************************************************************
Mon Nov 21 11:44:35 2005


FIT:    data read from 'main_select.dat' using 1:2
        #datapoints = 7
        residuals are weighted equally (unit weight)

function used for fitting: U(x)
fitted parameters initialized with current variable values



Iteration 0
WSSR        : 7.53846           delta(WSSR)/WSSR   : 0
delta(WSSR) : 0                 limit for stopping : 1e-05
lambda	  : 0.707655

initial set of free parameter values

a               = 1
b               = 1

After 5 iterations the fit converged.
final sum of squares of residuals : 0.000751549
rel. change during last iteration : -2.18809e-08

degrees of freedom (ndf) : 5
rms of residuals      (stdfit) = sqrt(WSSR/ndf)      : 0.0122601
variance of residuals (reduced chisquare) = WSSR/ndf : 0.00015031

Final set of parameters            Asymptotic Standard Error
=======================            ==========================

a               = 23.2209          +/- 0.2691       (1.159%)
b               = 1.17732          +/- 0.0106       (0.9004%)


correlation matrix of the fit parameters:

               a      b      
a               1.000 
b              -0.899  1.000 


*******************************************************************************
Mon Nov 21 11:48:41 2005


FIT:    data read from 'main_select.dat' using 1:2
        #datapoints = 7
        residuals are weighted equally (unit weight)

function used for fitting: U(x)
fitted parameters initialized with current variable values



Iteration 0
WSSR        : 7.53846           delta(WSSR)/WSSR   : 0
delta(WSSR) : 0                 limit for stopping : 1e-05
lambda	  : 0.707655

initial set of free parameter values

a               = 1
b               = 1

After 5 iterations the fit converged.
final sum of squares of residuals : 0.000751549
rel. change during last iteration : -2.18809e-08

degrees of freedom (ndf) : 5
rms of residuals      (stdfit) = sqrt(WSSR/ndf)      : 0.0122601
variance of residuals (reduced chisquare) = WSSR/ndf : 0.00015031

Final set of parameters            Asymptotic Standard Error
=======================            ==========================

a               = 23.2209          +/- 0.2691       (1.159%)
b               = 1.17732          +/- 0.0106       (0.9004%)


correlation matrix of the fit parameters:

               a      b      
a               1.000 
b              -0.899  1.000 


*******************************************************************************
Mon Nov 21 11:49:18 2005


FIT:    data read from 'main_select.dat' using 1:2
        #datapoints = 7
        residuals are weighted equally (unit weight)

function used for fitting: U(x)
fitted parameters initialized with current variable values



Iteration 0
WSSR        : 7.53846           delta(WSSR)/WSSR   : 0
delta(WSSR) : 0                 limit for stopping : 1e-05
lambda	  : 0.707655

initial set of free parameter values

a               = 1
b               = 1

After 5 iterations the fit converged.
final sum of squares of residuals : 0.000751549
rel. change during last iteration : -2.18809e-08

degrees of freedom (ndf) : 5
rms of residuals      (stdfit) = sqrt(WSSR/ndf)      : 0.0122601
variance of residuals (reduced chisquare) = WSSR/ndf : 0.00015031

Final set of parameters            Asymptotic Standard Error
=======================            ==========================

a               = 23.2209          +/- 0.2691       (1.159%)
b               = 1.17732          +/- 0.0106       (0.9004%)


correlation matrix of the fit parameters:

               a      b      
a               1.000 
b              -0.899  1.000 


*******************************************************************************
Mon Nov 21 11:50:34 2005


FIT:    data read from 'main_select.dat' using 1:2
        #datapoints = 7
        residuals are weighted equally (unit weight)

function used for fitting: U(x)
fitted parameters initialized with current variable values



Iteration 0
WSSR        : 7.53846           delta(WSSR)/WSSR   : 0
delta(WSSR) : 0                 limit for stopping : 1e-05
lambda	  : 0.707655

initial set of free parameter values

a               = 1
b               = 1

After 5 iterations the fit converged.
final sum of squares of residuals : 0.000751549
rel. change during last iteration : -2.18809e-08

degrees of freedom (ndf) : 5
rms of residuals      (stdfit) = sqrt(WSSR/ndf)      : 0.0122601
variance of residuals (reduced chisquare) = WSSR/ndf : 0.00015031

Final set of parameters            Asymptotic Standard Error
=======================            ==========================

a               = 23.2209          +/- 0.2691       (1.159%)
b               = 1.17732          +/- 0.0106       (0.9004%)


correlation matrix of the fit parameters:

               a      b      
a               1.000 
b              -0.899  1.000 


*******************************************************************************
Mon Nov 21 11:51:52 2005


FIT:    data read from 'main_select.dat' using 1:2
        #datapoints = 7
        residuals are weighted equally (unit weight)

function used for fitting: U(x)
fitted parameters initialized with current variable values



Iteration 0
WSSR        : 7.53846           delta(WSSR)/WSSR   : 0
delta(WSSR) : 0                 limit for stopping : 1e-05
lambda	  : 0.707655

initial set of free parameter values

a               = 1
b               = 1

After 5 iterations the fit converged.
final sum of squares of residuals : 0.000751549
rel. change during last iteration : -2.18809e-08

degrees of freedom (ndf) : 5
rms of residuals      (stdfit) = sqrt(WSSR/ndf)      : 0.0122601
variance of residuals (reduced chisquare) = WSSR/ndf : 0.00015031

Final set of parameters            Asymptotic Standard Error
=======================            ==========================

a               = 23.2209          +/- 0.2691       (1.159%)
b               = 1.17732          +/- 0.0106       (0.9004%)


correlation matrix of the fit parameters:

               a      b      
a               1.000 
b              -0.899  1.000 


*******************************************************************************
Mon Nov 21 11:52:48 2005


FIT:    data read from 'main_select.dat' using 1:2
        #datapoints = 7
        residuals are weighted equally (unit weight)

function used for fitting: U(x)
fitted parameters initialized with current variable values



Iteration 0
WSSR        : 7.53846           delta(WSSR)/WSSR   : 0
delta(WSSR) : 0                 limit for stopping : 1e-05
lambda	  : 0.707655

initial set of free parameter values

a               = 1
b               = 1

After 5 iterations the fit converged.
final sum of squares of residuals : 0.000751549
rel. change during last iteration : -2.18809e-08

degrees of freedom (ndf) : 5
rms of residuals      (stdfit) = sqrt(WSSR/ndf)      : 0.0122601
variance of residuals (reduced chisquare) = WSSR/ndf : 0.00015031

Final set of parameters            Asymptotic Standard Error
=======================            ==========================

a               = 23.2209          +/- 0.2691       (1.159%)
b               = 1.17732          +/- 0.0106       (0.9004%)


correlation matrix of the fit parameters:

               a      b      
a               1.000 
b              -0.899  1.000 


*******************************************************************************
Mon Nov 21 11:52:53 2005


FIT:    data read from 'main_select.dat' using 1:2
        #datapoints = 7
        residuals are weighted equally (unit weight)

function used for fitting: U(x)
fitted parameters initialized with current variable values



Iteration 0
WSSR        : 7.53846           delta(WSSR)/WSSR   : 0
delta(WSSR) : 0                 limit for stopping : 1e-05
lambda	  : 0.707655

initial set of free parameter values

a               = 1
b               = 1

After 5 iterations the fit converged.
final sum of squares of residuals : 0.000751549
rel. change during last iteration : -2.18809e-08

degrees of freedom (ndf) : 5
rms of residuals      (stdfit) = sqrt(WSSR/ndf)      : 0.0122601
variance of residuals (reduced chisquare) = WSSR/ndf : 0.00015031

Final set of parameters            Asymptotic Standard Error
=======================            ==========================

a               = 23.2209          +/- 0.2691       (1.159%)
b               = 1.17732          +/- 0.0106       (0.9004%)


correlation matrix of the fit parameters:

               a      b      
a               1.000 
b              -0.899  1.000 


*******************************************************************************
Mon Nov 21 11:53:00 2005


FIT:    data read from 'main_select.dat' using 1:2
        #datapoints = 7
        residuals are weighted equally (unit weight)

function used for fitting: U(x)
fitted parameters initialized with current variable values



Iteration 0
WSSR        : 7.53846           delta(WSSR)/WSSR   : 0
delta(WSSR) : 0                 limit for stopping : 1e-05
lambda	  : 0.707655

initial set of free parameter values

a               = 1
b               = 1

After 5 iterations the fit converged.
final sum of squares of residuals : 0.000751549
rel. change during last iteration : -2.18809e-08

degrees of freedom (ndf) : 5
rms of residuals      (stdfit) = sqrt(WSSR/ndf)      : 0.0122601
variance of residuals (reduced chisquare) = WSSR/ndf : 0.00015031

Final set of parameters            Asymptotic Standard Error
=======================            ==========================

a               = 23.2209          +/- 0.2691       (1.159%)
b               = 1.17732          +/- 0.0106       (0.9004%)


correlation matrix of the fit parameters:

               a      b      
a               1.000 
b              -0.899  1.000 


*******************************************************************************
Mon Nov 21 11:53:20 2005


FIT:    data read from 'main_select.dat' using 1:2
        #datapoints = 7
        residuals are weighted equally (unit weight)

function used for fitting: U(x)
fitted parameters initialized with current variable values



Iteration 0
WSSR        : 0.000751549       delta(WSSR)/WSSR   : 0
delta(WSSR) : 0                 limit for stopping : 1e-05
lambda	  : 0.707655

initial set of free parameter values

a               = 23.2209
b               = 1.17732

After 1 iterations the fit converged.
final sum of squares of residuals : 0.000751549
rel. change during last iteration : -2.59672e-15

degrees of freedom (ndf) : 5
rms of residuals      (stdfit) = sqrt(WSSR/ndf)      : 0.0122601
variance of residuals (reduced chisquare) = WSSR/ndf : 0.00015031

Final set of parameters            Asymptotic Standard Error
=======================            ==========================

a               = 23.2209          +/- 0.2691       (1.159%)
b               = 1.17732          +/- 0.0106       (0.9004%)


correlation matrix of the fit parameters:

               a      b      
a               1.000 
b              -0.899  1.000 


*******************************************************************************
Mon Nov 21 11:53:33 2005


FIT:    data read from 'main_select.dat' using 1:2
        #datapoints = 7
        residuals are weighted equally (unit weight)

function used for fitting: U(x)
fitted parameters initialized with current variable values



Iteration 0
WSSR        : 0.000751549       delta(WSSR)/WSSR   : 0
delta(WSSR) : 0                 limit for stopping : 1e-05
lambda	  : 0.707655

initial set of free parameter values

a               = 23.2209
b               = 1.17732

After 1 iterations the fit converged.
final sum of squares of residuals : 0.000751549
rel. change during last iteration : 0

degrees of freedom (ndf) : 5
rms of residuals      (stdfit) = sqrt(WSSR/ndf)      : 0.0122601
variance of residuals (reduced chisquare) = WSSR/ndf : 0.00015031

Final set of parameters            Asymptotic Standard Error
=======================            ==========================

a               = 23.2209          +/- 0.2691       (1.159%)
b               = 1.17732          +/- 0.0106       (0.9004%)


correlation matrix of the fit parameters:

               a      b      
a               1.000 
b              -0.899  1.000 
