\BOOKMARK [-1][-]{part.1}{I Courant et tension \351lectrique}{}
\BOOKMARK [0][-]{chapter.1}{Circuit \351lectriqueCourant et tension \351lectrique}{part.1}
\BOOKMARK [0][-]{chapter.2}{TP : Propri\351t\351s des intensit\351s et des tensions}{part.1}
\BOOKMARK [0][-]{chapter.3}{TP : D\351termination de la caract\351ristique U=f\(I\) aux bornes d'un r\351sistor}{part.1}
\BOOKMARK [0][-]{chapter.4}{TP : Association de conducteurs ohmiques}{part.1}
\BOOKMARK [0][-]{chapter.5}{TP : Puissance et \351nergie consomm\351e par un dip\364le \351lectrique}{part.1}
\BOOKMARK [-1][-]{part.2}{II Optique g\351om\351trique}{}
\BOOKMARK [0][-]{chapter.1}{TP : R\351flexion - R\351fraction}{part.2}
\BOOKMARK [0][-]{chapter.2}{Les lentilles minces}{part.2}
\BOOKMARK [0][-]{chapter.3}{TP : Relations de conjugaisondes lentilles minces}{part.2}
\BOOKMARK [0][-]{chapter.4}{TP : La loupe}{part.2}
\BOOKMARK [0][-]{chapter.5}{TP : Focom\351trie des lentilles minces}{part.2}
\BOOKMARK [-1][-]{part.3}{III M\351canique}{}
\BOOKMARK [0][-]{chapter.1}{TP : \311tude du poids d'un corps \311tude de la tension d'un ressort \311tude de la pouss\351e d'Archim\350de }{part.3}
\BOOKMARK [0][-]{chapter.2}{TP : \311tude de l'\351quilibre d'un solide soumis \340 l'action de 3 forces}{part.3}
\BOOKMARK [0][-]{chapter.3}{TP : Moment d'une force par rapport \340 un axe}{part.3}
\BOOKMARK [-1][-]{part.4}{IV Thermique}{}
\BOOKMARK [-1][-]{part.1}{I Int\351ractions fondamentales}{}
\BOOKMARK [0][-]{chapter.1}{Les particules \351l\351mentaires}{part.1}
\BOOKMARK [-1][-]{part.2}{II Vitesses et mouvements}{}
\BOOKMARK [0][-]{chapter.1}{TP : Mouvement d'un solideVecteur vitesse}{part.2}
\BOOKMARK [0][-]{chapter.2}{TP : Mesures de vitesses angulaires}{part.2}
\BOOKMARK [0][-]{chapter.3}{TP : Nature d'un mouvement}{part.2}
\BOOKMARK [-1][-]{part.3}{III Forces}{}
\BOOKMARK [0][-]{chapter.1}{TP : \311tude du poids d'un corps \311tude de la tension d'un ressort \311tude de la pouss\351e d'Archim\350de }{part.3}
\BOOKMARK [0][-]{chapter.2}{TP : \311tude de l'\351quilibre d'un solide}{part.3}
\BOOKMARK [-1][-]{part.4}{IV Lois de Newton}{}
\BOOKMARK [0][-]{chapter.1}{TP : V\351rification exp\351rimentale de la deuxi\350me loi de Newton avec un mobile autoporteur }{part.4}
\BOOKMARK [0][-]{chapter.2}{TP : V\351rification exp\351rimentale de la deuxi\350me loi de Newton dans le cas d'une trajectoire parabolique }{part.4}
\BOOKMARK [-1][-]{part.5}{V \311nergie cin\351tique}{}
\BOOKMARK [0][-]{chapter.1}{TP : Th\351or\350me de l'\351nergie cin\351tique}{part.5}
\BOOKMARK [-1][-]{part.6}{VI \311nergie m\351canique}{}
\BOOKMARK [0][-]{chapter.1}{TP : \311nergie m\351caniqued'un mobile sur un a\351robanc}{part.6}
\BOOKMARK [-1][-]{part.7}{VII \311lectromagn\351tisme}{}
\BOOKMARK [0][-]{chapter.1}{TP : Mesures de champs magn\351tiques avec un teslam\350tre}{part.7}
\BOOKMARK [0][-]{chapter.2}{TP : Bobines de Helmholtz}{part.7}
\BOOKMARK [0][-]{chapter.3}{TP : Force de Laplace}{part.7}
\BOOKMARK [0][-]{chapter.4}{TP : Force de Lorentz}{part.7}
\BOOKMARK [-1][-]{part.8}{VIII Optique g\351om\351trique}{}
\BOOKMARK [0][-]{chapter.1}{Les bases de l'optique g\351om\351trique}{part.8}
\BOOKMARK [0][-]{chapter.2}{Miroir plan}{part.8}
\BOOKMARK [0][-]{chapter.3}{Les lentilles minces}{part.8}
\BOOKMARK [0][-]{chapter.4}{TP : Relations de conjugaisondes lentilles minces}{part.8}
\BOOKMARK [0][-]{chapter.5}{TP : Focom\351trie des lentilles minces}{part.8}
\BOOKMARK [-1][-]{part.9}{IX Devoir Surveill\351}{}
\BOOKMARK [0][-]{chapter.1}{Devoir Surveill\351 n\260 1}{part.9}
\BOOKMARK [0][-]{chapter.2}{Devoir Surveill\351 n\260 2}{part.9}
\BOOKMARK [-1][-]{part.1}{I Grandeurs physiques et quantit\351 de mati\350re}{}
\BOOKMARK [0][-]{chapter.1}{TP : Pr\351parations de solutions aqueuses}{part.1}
\BOOKMARK [0][-]{chapter.2}{TP : D\351termination duvolume molaire gazeux}{part.1}
\BOOKMARK [0][-]{chapter.3}{TP : Suivi d'une transformation chimique par mesure de pression}{part.1}
\BOOKMARK [-1][-]{part.2}{II Solutions \351lectrolytiques}{}
\BOOKMARK [0][-]{chapter.1}{TP : Concentrations molaires effectives d'ions en solution}{part.2}
\BOOKMARK [-1][-]{part.3}{III Conductim\351trie}{}
\BOOKMARK [0][-]{chapter.1}{TP : D\351termination par conductim\351trie de la concentration en solut\351 d'une solution ionique}{part.3}
\BOOKMARK [-1][-]{part.1}{I Courant et tension \351lectrique}{}
\BOOKMARK [0][-]{chapter.1}{Circuit \351lectriqueCourant et tension \351lectrique}{part.1}
\BOOKMARK [0][-]{chapter.2}{TP : Propri\351t\351s des intensit\351s et des tensions}{part.1}
\BOOKMARK [0][-]{chapter.3}{TP : D\351termination de la caract\351ristique U=f\(I\) aux bornes d'un r\351sistor}{part.1}
\BOOKMARK [0][-]{chapter.4}{TP : Association de conducteurs ohmiques}{part.1}
\BOOKMARK [-1][-]{part.2}{II G\351n\351rateurs et r\351cepteurs}{}
\BOOKMARK [0][-]{chapter.1}{G\351n\351rateurs et r\351cepteurs}{part.2}
\BOOKMARK [0][-]{chapter.2}{TP : Caract\351ristique d'une pile}{part.2}
\BOOKMARK [0][-]{chapter.3}{TP : \311tude d'un \351lectrolyseur}{part.2}
\BOOKMARK [-1][-]{part.3}{III \311lectrostatique}{}
\BOOKMARK [0][-]{chapter.1}{Champ \351lectrique et force \351lectrostatique}{part.3}
\BOOKMARK [-1][-]{part.4}{IV Oxydo-r\351duction}{}
\BOOKMARK [0][-]{chapter.1}{TP : \311tude de piles}{part.4}
\BOOKMARK [-1][-]{part.5}{V La lumi\350re}{}
\BOOKMARK [0][-]{chapter.1}{La lumi\350re}{part.5}
\BOOKMARK [-1][-]{part.6}{VI Radioactivit\351}{}
\BOOKMARK [0][-]{chapter.1}{TP : Utilisation d'un compteur C.R.A.B.}{part.6}
\BOOKMARK [-1][-]{part.1}{I R\351gimes variables}{}
\BOOKMARK [0][-]{chapter.1}{TP : Utilisation d'un G\351n\351rateur Basse Fr\351quence \(G.B.F.\) et d'un oscilloscope}{part.1}
\BOOKMARK [0][-]{chapter.2}{Visualisation \340 l'aide d'un oscilloscoped'une tension d\351livr\351e par un G\351n\351rateur Basse Fr\351quence}{part.1}
\BOOKMARK [0][-]{chapter.3}{Grandeurs p\351riodiques}{part.1}
\BOOKMARK [0][-]{chapter.4}{R\351gimes transitoires}{part.1}
\BOOKMARK [-1][-]{part.2}{II R\351gimes sinuso\357daux}{}
\BOOKMARK [0][-]{chapter.1}{R\351gimes sinuso\357daux}{part.2}
\BOOKMARK [0][-]{chapter.2}{Dip\364les lin\351aires \351l\351mentairesen r\351gime sinuso\357dal}{part.2}
\BOOKMARK [0][-]{chapter.3}{Association s\351rie de dip\364les en r\351gime sinuso\357dal R\351sonance}{part.2}
\BOOKMARK [0][-]{chapter.4}{Puissances en r\351gime sinuso\357dal}{part.2}
\BOOKMARK [0][-]{chapter.5}{TP : Mesures de puissance \040et de facteur de puissance \040en monophas\351}{part.2}
\BOOKMARK [-1][-]{part.1}{I Optique g\351om\351trique}{}
\BOOKMARK [0][-]{chapter.1}{TP : Lunette - Collimateur}{part.1}
\BOOKMARK [0][-]{chapter.2}{\311tude d'un prisme}{part.1}
\BOOKMARK [0][-]{chapter.3}{TP : Mesure d'un angle d'un prisme}{part.1}
\BOOKMARK [0][-]{chapter.4}{TP : Mesure de l'indice d'un prisme}{part.1}
\BOOKMARK [0][-]{chapter.5}{TP : Goniom\350tre Dispersion d'un prisme D\351termination d'une longueur d'onde inconnue}{part.1}
\BOOKMARK [-1][-]{part.2}{II Documents divers}{}
\BOOKMARK [-1][-]{part.3}{III Devoir Surveill\351}{}
\BOOKMARK [0][-]{appendix.A}{Devoir Surveill\351 n\260 }{part.3}
