This is e-TeX, Version 3.14159-2.1 (Web2C 7.4.5) (format=latex 2006.1.6)  22 FEB 2006 22:00
entering extended mode
**only.tex
(./only.tex
LaTeX2e <2001/06/01>
Babel <v3.7h> and hyphenation patterns for american, french, german, ngerman, b
ahasa, basque, catalan, croatian, czech, danish, dutch, finnish, greek, iceland
ic, irish, italian, latin, magyar, norsk, norsk, portuges, romanian, russian, s
lovak, slovene, spanish, swedish, turkish, ukrainian, nohyphenation, loaded.
(/usr/share/texmf/tex/latex/base/book.cls
Document Class: book 2001/04/21 v1.4e Standard LaTeX document class
(/usr/share/texmf/tex/latex/base/bk10.clo
File: bk10.clo 2001/04/21 v1.4e Standard LaTeX file (size option)
)
\c@part=\count79
\c@chapter=\count80
\c@section=\count81
\c@subsection=\count82
\c@subsubsection=\count83
\c@paragraph=\count84
\c@subparagraph=\count85
\c@figure=\count86
\c@table=\count87
\abovecaptionskip=\skip41
\belowcaptionskip=\skip42
\bibindent=\dimen102
) (./s-celles.sty
Package: s-celles 

(/usr/share/texmf/tex/generic/babel/babel.sty
Package: babel 2001/03/01 v3.7h The Babel package

(/usr/share/texmf/tex/generic/babel/frenchb.ldf
Language: french 2001/09/09 v1.5g French support from the babel system

(/usr/share/texmf/tex/generic/babel/babel.def
File: babel.def 2001/03/01 v3.7h Babel common definitions
\babel@savecnt=\count88
\U@D=\dimen103
)
Package babel Info: Making : an active character on input line 199.
Package babel Info: Making ; an active character on input line 200.
Package babel Info: Making ! an active character on input line 201.
Package babel Info: Making ? an active character on input line 202.

*************************************
* Local config file frenchb.cfg used
*
(/usr/share/texmf/tex/generic/babel/frenchb.cfg)))
(/usr/share/texmf/tex/latex/base/inputenc.sty
Package: inputenc 2001/07/10 v0.99a Input encoding file 

(/usr/share/texmf/tex/latex/base/latin1.def
File: latin1.def 2001/07/10 v0.99a Input encoding file 
))
(/usr/share/texmf/tex/latex/base/fontenc.sty
Package: fontenc 2001/06/05 v1.94 Standard LaTeX package

(/usr/share/texmf/tex/latex/base/t1enc.def
File: t1enc.def 2001/06/05 v1.94 Standard LaTeX file
LaTeX Font Info:    Redeclaring font encoding T1 on input line 38.
))
(/usr/share/texmf/tex/latex/amsmath/amsmath.sty
Package: amsmath 2000/07/18 v2.13 AMS math features
\@mathmargin=\skip43

For additional information on amsmath, use the `?' option.
(/usr/share/texmf/tex/latex/amsmath/amstext.sty
Package: amstext 2000/06/29 v2.01

(/usr/share/texmf/tex/latex/amsmath/amsgen.sty
File: amsgen.sty 1999/11/30 v2.0
\@emptytoks=\toks14
\ex@=\dimen104
))
(/usr/share/texmf/tex/latex/amsmath/amsbsy.sty
Package: amsbsy 1999/11/29 v1.2d
\pmbraise@=\dimen105
)
(/usr/share/texmf/tex/latex/amsmath/amsopn.sty
Package: amsopn 1999/12/14 v2.01 operator names
)
\inf@bad=\count89
LaTeX Info: Redefining \frac on input line 211.
\uproot@=\count90
\leftroot@=\count91
LaTeX Info: Redefining \overline on input line 307.
\classnum@=\count92
\DOTSCASE@=\count93
LaTeX Info: Redefining \ldots on input line 379.
LaTeX Info: Redefining \dots on input line 382.
LaTeX Info: Redefining \cdots on input line 467.
\Mathstrutbox@=\box26
\strutbox@=\box27
\big@size=\dimen106
LaTeX Font Info:    Redeclaring font encoding OML on input line 567.
LaTeX Font Info:    Redeclaring font encoding OMS on input line 568.
\macc@depth=\count94
\c@MaxMatrixCols=\count95
\dotsspace@=\muskip10
\c@parentequation=\count96
\dspbrk@lvl=\count97
\tag@help=\toks15
\row@=\count98
\column@=\count99
\maxfields@=\count100
\andhelp@=\toks16
\eqnshift@=\dimen107
\alignsep@=\dimen108
\tagshift@=\dimen109
\tagwidth@=\dimen110
\totwidth@=\dimen111
\lineht@=\dimen112
\@envbody=\toks17
\multlinegap=\skip44
\multlinetaggap=\skip45
\mathdisplay@stack=\toks18
LaTeX Info: Redefining \[ on input line 2666.
LaTeX Info: Redefining \] on input line 2667.
)
(/usr/share/texmf/tex/latex/amsfonts/amsfonts.sty
Package: amsfonts 2001/10/25 v2.2f
\symAMSa=\mathgroup4
\symAMSb=\mathgroup5
LaTeX Font Info:    Overwriting math alphabet `\mathfrak' in version `bold'
(Font)                  U/euf/m/n --> U/euf/b/n on input line 132.
)
(/usr/share/texmf/tex/latex/amsfonts/amssymb.sty
Package: amssymb 2002/01/22 v2.2d
)
(/usr/share/texmf/tex/latex/pstricks/pstricks.sty
Package: pstricks 1997/03/25 package wrapper for PSTricks pstricks.tex

(/usr/share/texmf/tex/generic/pstricks/pstricks.tex
`PSTricks' v97 patch 14  <1999/12/23> (tvz)
\pst@dima=\dimen113
\pst@dimb=\dimen114
\pst@dimc=\dimen115
\pst@dimd=\dimen116
\pst@dimg=\dimen117
\pst@dimh=\dimen118
\pst@hbox=\box28
\pst@boxg=\box29
\pst@cnta=\count101
\pst@cntb=\count102
\pst@cntc=\count103
\pst@cntd=\count104
\pst@cntg=\count105
\pst@cnth=\count106
\pst@toks=\toks19
(/usr/share/texmf/tex/generic/pstricks/pstricks.con)
\psunit=\dimen119
\psxunit=\dimen120
\psyunit=\dimen121
\pslinewidth=\dimen122
\pst@customdefs=\toks20
\pslinearc=\dimen123
\everypsbox=\toks21
\psframesep=\dimen124
\pslabelsep=\dimen125
\theoverlaybox=\box30
))
(/usr/share/texmf/tex/latex/pstricks/pst-circ.sty
Package: pst-circ 2003/06/22 Package wrapper for pst-circ.tex

(/usr/share/texmf/tex/generic/pstricks/pst-circ.tex
`pst-circ' v2003/06/22,(Original idea: A.Premoli I.Maio,Design: M.Luque,Code: C
.Jorssen) (/usr/share/texmf/tex/generic/pstricks/pst-node.tex
 v97 patch 11, 2000/11/09
\psrow=\count107
\pscol=\count108
\psmatrixcnt=\count109
\psrowsep=\skip46
\pscolsep=\skip47
) (/usr/share/texmf/tex/generic/pstricks/pst-key.tex
keyval: 1998/07/23 v1.11 key=value parser (DPC)
)
\Pst@circ@position=\dimen126
\pst@circ@count@i=\count110
\pst@circ@count@ii=\count111
\pst@circ@count@iii=\count112
)) (/usr/share/texmf/tex/latex/pstricks/pst-plot.sty
Package: pst-plot 1997/03/25 package wrapper for PSTricks pst-plot.tex

(/usr/share/texmf/tex/generic/pstricks/pst-plot.tex  v97 patch 2, 1999/12/12
(/usr/share/texmf/tex/generic/multido/multido.tex  v1.41, 2004/05/18 <tvz>
\multido@count=\count113
\multidocount=\count114
\multido@stuff=\toks22
)))
(/usr/share/texmf/tex/latex/pstricks/pst-coil.sty
Package: pst-coil 1997/03/25 package wrapper for PSTricks pst-coil.tex

(/usr/share/texmf/tex/generic/pstricks/pst-coil.tex  v97 patch 2, 1998/03/19))
(/usr/share/texmf/tex/latex/graphics/pstcol.sty
Package: pstcol 2001/06/20 v1.1 PSTricks color colompatibility (DPC)

(/usr/share/texmf/tex/latex/graphics/color.sty
Package: color 1999/02/16 v1.0i Standard LaTeX Color (DPC)

(/usr/share/texmf/tex/latex/config/color.cfg
File: color.cfg 2001/08/31 v1.1 color configuration of teTeX/TeXLive
)
Package color Info: Driver file: dvips.def on input line 125.

(/usr/share/texmf/tex/latex/graphics/dvips.def
File: dvips.def 1999/02/16 v3.0i Driver-dependant file (DPC,SPQR)
)
(/usr/share/texmf/tex/latex/graphics/dvipsnam.def
File: dvipsnam.def 1999/02/16 v3.0i Driver-dependant file (DPC,SPQR)
)))
(/usr/share/texmf/tex/latex/pstricks/pst-osci.sty
Package: pst-osci 1999/09/12 package wrapper for PSTricks pst-osci.tex

(/usr/share/texmf/tex/generic/pstricks/pst-osci.tex
`PST-osci' v2.7, 99/11/02 (Manuel LUQUE & Christophe JORSSEN)
(/usr/share/texmf/tex/generic/pstricks/pst-key.tex
keyval: 1998/07/23 v1.11 key=value parser (DPC)
)))
(/usr/share/texmf/tex/latex/misc/psfrag.sty
Package: psfrag 1998/04/11 v3.04 PSfrag (MCG)

(/usr/share/texmf/tex/latex/graphics/graphics.sty
Package: graphics 2001/07/07 v1.0n Standard LaTeX Graphics (DPC,SPQR)

(/usr/share/texmf/tex/latex/graphics/trig.sty
Package: trig 1999/03/16 v1.09 sin cos tan (DPC)
)
(/usr/share/texmf/tex/latex/config/graphics.cfg
File: graphics.cfg 2001/08/31 v1.1 graphics configuration of teTeX/TeXLive
)
Package graphics Info: Driver file: dvips.def on input line 80.
)
\pfg@pcount=\count115
\pfg@scount=\count116
\pfg@temp=\write3
)
(/usr/share/texmf/tex/latex/fp/fp-basic.sty
Package: fp-basic 1996/05/13

`Basic Fixed Point Arithmetic',  Version 1.2d (C) Michael Mehlich             
\FP@xs=\count117
\FP@xia=\count118
\FP@xib=\count119
\FP@xfa=\count120
\FP@xfb=\count121
\FP@rega=\count122
\FP@regb=\count123
\FP@regs=\count124
\FP@times=\count125
) (/usr/share/texmf/tex/latex/fp/fp-eval.sty
Package: fp-eval 1995/04/03

`Fixed Point Calculator',        Version 0.9a (C) Michael Mehlich             
(/usr/share/texmf/tex/latex/fp/defpattern.sty
Package: defpattern 1994/10/12

`\defpattern-macro (adapted from \howto (A. Jeffrey: TeX and TUG NEWS 2(2)))'
\actioncount=\count126
)
(/usr/share/texmf/tex/latex/fp/fp-upn.sty
Package: fp-upn 1996/10/21

`UPN Fixed Point Calculator',    Version 2.1c (C) Michael Mehlich             
(/usr/share/texmf/tex/latex/fp/fp.sty
Package: fp 1995/04/02

`Fixed Point Package', Version 0.8, April 2, 1995 (C) Michael Mehlich
(/usr/share/texmf/tex/latex/fp/fp-addons.sty
Package: fp-addons 1995/03/15
)
(/usr/share/texmf/tex/latex/fp/fp-snap.sty
Package: fp-snap 1995/04/05
)
(/usr/share/texmf/tex/latex/fp/fp-exp.sty
Package: fp-exp 1995/04/03
)
(/usr/share/texmf/tex/latex/fp/fp-trigo.sty
Package: fp-trigo 1995/04/14
)
(/usr/share/texmf/tex/latex/fp/fp-pas.sty
Package: fp-pas 1994/08/29
)
(/usr/share/texmf/tex/latex/fp/fp-random.sty
Package: fp-random 1995/02/23
\FPseed=\count127
)
(/usr/share/texmf/tex/latex/fp/fp-eqn.sty
Package: fp-eqn 1995/04/03
))))
(/usr/share/texmf/tex/generic/multido/multido.sty
Package: multido 2004/05/17 package wrapper for PSTricks `multido.tex', (HV/RN)

)
(/usr/share/texmf/tex/latex/misc/eurosym.sty
Package: eurosym 1998/08/06 v1.1 European currency symbol ``Euro''
\@eurobox=\box31
)
(/usr/share/texmf/tex/latex/graphics/graphicx.sty
Package: graphicx 1999/02/16 v1.0f Enhanced LaTeX Graphics (DPC,SPQR)
\Gin@req@height=\dimen127
\Gin@req@width=\dimen128
)
(/usr/share/texmf/tex/latex/misc/here.sty)
(/usr/share/texmf/tex/latex/misc/lettrine.sty
File: lettrine.sty 2002/10/26 v1.4 (D. Flipo)
\c@DefaultLines=\count128
\DefaultFindent=\dimen129
\DefaultNindent=\dimen130
\DefaultSlope=\dimen131
\L@lbox=\box32
\L@tbox=\box33
\c@L@lines=\count129
\L@Pindent=\dimen132
\L@Findent=\dimen133
\L@Nindent=\dimen134
\L@lraise=\dimen135
\L@first=\dimen136
\L@next=\dimen137
\L@slope=\dimen138
\L@height=\dimen139

(/usr/share/texmf/tex/latex/config/lettrine.cfg))
(/usr/share/texmf/tex/latex/misc/url.sty
\Urlmuskip=\muskip11
Package: url 1999/03/28  ver 1.5x  Verb mode for urls, etc.
)
(/usr/share/texmf/tex/latex/tools/tabularx.sty
Package: tabularx 1999/01/07 v2.07 `tabularx' package (DPC)

(/usr/share/texmf/tex/latex/tools/array.sty
Package: array 1998/05/13 v2.3m Tabular extension package (FMi)
\col@sep=\dimen140
\extrarowheight=\dimen141
\NC@list=\toks23
\extratabsurround=\skip48
\backup@length=\skip49
)
\TX@col@width=\dimen142
\TX@old@table=\dimen143
\TX@old@col=\dimen144
\TX@target=\dimen145
\TX@delta=\dimen146
\TX@cols=\count130
\TX@ftn=\toks24
)
(/usr/share/texmf/tex/latex/misc/slashbox.sty
slashbox style by K.Yasuoka, May 1993.
\@slashboxa=\box34
\@slashboxb=\box35
\@slashboxc=\box36
\@slashboxwd=\count131
\@slashboxht=\count132
\@slashsepl=\dimen147
\@slashsepr=\dimen148
) (/usr/share/texmf/tex/latex/tools/multicol.sty
Package: multicol 2000/07/10 v1.5z multicolumn formatting (FMi)
\c@tracingmulticols=\count133
\mult@box=\box37
\multicol@leftmargin=\dimen149
\c@unbalance=\count134
\c@collectmore=\count135
\doublecol@number=\count136
\multicoltolerance=\count137
\multicolpretolerance=\count138
\full@width=\dimen150
\page@free=\dimen151
\premulticols=\dimen152
\postmulticols=\dimen153
\multicolsep=\skip50
\multicolbaselineskip=\skip51
\partial@page=\box38
\last@line=\box39
\mult@rightbox=\box40
\mult@grightbox=\box41
\mult@gfirstbox=\box42
\mult@firstbox=\box43
\@tempa=\box44
\@tempa=\box45
\@tempa=\box46
\@tempa=\box47
\@tempa=\box48
\@tempa=\box49
\@tempa=\box50
\@tempa=\box51
\@tempa=\box52
\@tempa=\box53
\@tempa=\box54
\@tempa=\box55
\@tempa=\box56
\@tempa=\box57
\@tempa=\box58
\@tempa=\box59
\@tempa=\box60
\c@columnbadness=\count139
\c@finalcolumnbadness=\count140
\last@try=\dimen154
\multicolovershoot=\dimen155
\multicolundershoot=\dimen156
\mult@nat@firstbox=\box61
\colbreak@box=\box62
)
(/usr/share/texmf/tex/latex/misc/picins.sty
Option `picins' Version 3.0 Sep. 1992, TH Darmstadt/HRZ
\@BILD=\box63
\@TEXT=\box64
\d@breite=\dimen157
\d@hoehe=\dimen158
\d@xoff=\dimen159
\d@yoff=\dimen160
\d@shad=\dimen161
\d@dash=\dimen162
\d@boxl=\dimen163
\d@pichskip=\dimen164
\d@tmp=\dimen165
\d@tmpa=\dimen166
\d@bskip=\dimen167
\hsiz@=\dimen168
\p@getot@l=\dimen169
\c@breite=\count141
\c@hoehe=\count142
\c@xoff=\count143
\c@yoff=\count144
\c@pos=\count145
\c@shad=\count146
\c@dash=\count147
\c@boxl=\count148
\c@zeilen=\count149
\@changemode=\count150
\c@piccaption=\count151
\c@piccaptionpos=\count152
\c@picpos=\count153
\c@whole=\count154
\c@half=\count155
\c@tmp=\count156
\c@tmpa=\count157
\c@tmpb=\count158
\c@tmpc=\count159
\c@tmpd=\count160
\d@leftskip=\skip52
\ptoti=\dimen170
\ptotii=\dimen171
\env@box=\box65
\d@envdp=\dimen172
\c@hsize=\count161
\c@envdp=\count162
\d@envb=\dimen173
)
(/usr/share/texmf/tex/latex/misc/geometry.sty
Package: geometry 2002/07/08 v3.2 Page Geometry
\Gm@cnth=\count163
\Gm@cntv=\count164
\c@Gm@tempcnt=\count165
\Gm@bindingoffset=\dimen174
\Gm@wd@mp=\dimen175
\Gm@odd@mp=\dimen176
\Gm@even@mp=\dimen177
\Gm@dimlist=\toks25

(/usr/share/texmf/tex/latex/config/geometry.cfg
File: geometry.cfg 2001/06/05 v1.0 teTeX (uncustomised setup)
))
(/usr/share/texmf/tex/latex/tools/layout.sty
Package: layout 2000/09/25 v1.2c Show layout parameters
\oneinch=\count166
\cnt@paperwidth=\count167
\cnt@paperheight=\count168
\cnt@hoffset=\count169
\cnt@voffset=\count170
\cnt@textheight=\count171
\cnt@textwidth=\count172
\cnt@topmargin=\count173
\cnt@oddsidemargin=\count174
\cnt@evensidemargin=\count175
\cnt@headheight=\count176
\cnt@headsep=\count177
\cnt@marginparsep=\count178
\cnt@marginparwidth=\count179
\cnt@marginparpush=\count180
\cnt@footskip=\count181
\fheight=\count182
\ref@top=\count183
\ref@hoffset=\count184
\ref@voffset=\count185
\ref@head=\count186
\ref@body=\count187
\ref@foot=\count188
\ref@margin=\count189
\ref@marginwidth=\count190
\ref@marginpar=\count191
\Interval=\count192
\ExtraYPos=\count193
\PositionX=\count194
\PositionY=\count195
\ArrowLength=\count196
)
\c@numexercice=\count197

(/usr/share/texmf/tex/latex/titlesec/titlesec.sty
Package: titlesec 2002/04/07 v2.5 Sectioning titles
\ttl@box=\box66
\beforetitleunit=\skip53
\aftertitleunit=\skip54
\ttl@plus=\dimen178
\ttl@minus=\dimen179
\titlewidth=\dimen180
\titlewidthlast=\dimen181
\titlewidthfirst=\dimen182
)
(/usr/share/texmf/tex/latex/misc/framed.sty
Package: framed 2002/12/29 v 0.5: framed or shaded text with page breaks
\FrameRule=\dimen183
\FrameSep=\dimen184
)
(/usr/share/texmf/tex/latex/fancyhdr/fancyhdr.sty
\headwidth=\dimen185
)
\longarc=\skip55

(/usr/share/texmf/tex/latex/graphics/lscape.sty
Package: lscape 2000/10/22 v3.01 Landscape Pages (DPC)
))
No file only.aux.
\openout1 = `only.aux'.

LaTeX Font Info:    Checking defaults for OML/cmm/m/it on input line 3.
LaTeX Font Info:    ... okay on input line 3.
LaTeX Font Info:    Checking defaults for T1/cmr/m/n on input line 3.
LaTeX Font Info:    ... okay on input line 3.
LaTeX Font Info:    Checking defaults for OT1/cmr/m/n on input line 3.
LaTeX Font Info:    ... okay on input line 3.
LaTeX Font Info:    Checking defaults for OMS/cmsy/m/n on input line 3.
LaTeX Font Info:    ... okay on input line 3.
LaTeX Font Info:    Checking defaults for OMX/cmex/m/n on input line 3.
LaTeX Font Info:    ... okay on input line 3.
LaTeX Font Info:    Checking defaults for U/cmr/m/n on input line 3.
LaTeX Font Info:    ... okay on input line 3.
LaTeX Font Info:    Checking defaults for OT2/wncyr/m/n on input line 3.
LaTeX Font Info:    Try loading font information for OT2+wncyr on input line 3.

(/usr/share/texmf/tex/latex/cyrillic/ot2wncyr.fd
File: ot2wncyr.fd 1999/12/17 v3.2a Computer Modern Cyrillic font definitions
)
LaTeX Font Info:    ... okay on input line 3.
LaTeX Info: Redefining \dots on input line 3.
-------------------- Geometry parameters
paper: a4paper
landscape: --
twocolumn: --
twoside: true
asymmetric: --
h-parts: 71.13188pt, 455.24411pt, 71.13188pt
v-parts: 42.67912pt, 759.6886pt, 42.67912pt
hmarginratio: --
vmarginratio: --
lines: --
heightrounded: --
bindingoffset: 0.0pt
truedimen: --
includehead: --
includefoot: --
includemp: --
driver: 
-------------------- Page layout dimensions and switches
\paperwidth  597.50787pt
\paperheight 845.04684pt
\textwidth  455.24411pt
\textheight 759.6886pt
\oddsidemargin  -1.1381pt
\evensidemargin -1.1381pt
\topmargin  -59.65836pt
\headheight 12.0pt
\headsep    18.06749pt
\footskip   25.29494pt
\marginparwidth 115.0pt
\marginparsep   7.0pt
\columnsep  10.0pt
\skip\footins  9.0pt plus 4.0pt minus 2.0pt
\hoffset 0.0pt
\voffset 0.0pt
\mag 1000
\@twosidetrue \@mparswitchtrue 
(1in=72.27pt, 1cm=28.45pt)
-----------------------

(./thermodynamique/cours_transferts_energie/main2.tex
Chapitre 1.
LaTeX Font Info:    Try loading font information for U+msa on input line 16.
(/usr/share/texmf/tex/latex/amsfonts/umsa.fd
File: umsa.fd 2002/01/19 v2.2g AMS font definitions
)
LaTeX Font Info:    Try loading font information for U+msb on input line 16.

(/usr/share/texmf/tex/latex/amsfonts/umsb.fd
File: umsb.fd 2002/01/19 v2.2g AMS font definitions
) [1


]
Underfull \hbox (badness 10000) in paragraph at lines 139--140

 []


LaTeX Warning: Command \textdegree invalid in math mode on input line 158.


LaTeX Warning: Command \` invalid in math mode on input line 222.


LaTeX Warning: Command \' invalid in math mode on input line 222.

Missing character: There is no ^^e8 in font cmr7!
Missing character: There is no ^^e9 in font cmr7!

LaTeX Warning: Command \` invalid in math mode on input line 231.


LaTeX Warning: Command \' invalid in math mode on input line 231.

Missing character: There is no ^^e8 in font cmr7!
Missing character: There is no ^^e9 in font cmr7!
) [2] (./only.aux) ) 
Here is how much of TeX's memory you used:
 6323 strings out of 95370
 76146 string characters out of 1188186
 191702 words of memory out of 1000001
 9203 multiletter control sequences out of 10000+50000
 22249 words of font info for 61 fonts, out of 500000 for 1000
 198 hyphenation exceptions out of 1000
 46i,11n,45p,315b,282s stack positions out of 1500i,500n,5000p,200000b,5000s

Output written on only.dvi (2 pages, 9920 bytes).
