This is TeX, Version 3.14159 (Web2C 7.3.7x) (format=latex 2005.12.17)  9 FEB 2006 13:13
**showexpl.ins
(./showexpl.ins
LaTeX2e <2001/06/01>
Babel <v3.7h> and hyphenation patterns for english, dumylang, nohyphenation, fr
ench, loaded.
(/usr/texmf/tex/latex/base/docstrip.tex
\blockLevel=\count79
\emptyLines=\count80
\processedLines=\count81
\commentsRemoved=\count82
\commentsPassed=\count83
\codeLinesPassed=\count84
\TotalprocessedLines=\count85
\TotalcommentsRemoved=\count86
\TotalcommentsPassed=\count87
\TotalcodeLinesPassed=\count88
\NumberOfFiles=\count89
\inFile=\read1
\inputcheck=\read2
\off@0=\count90
\off@1=\count91
\off@2=\count92
\off@3=\count93
\off@4=\count94
\off@5=\count95
\off@6=\count96
\off@7=\count97
\off@8=\count98
\off@9=\count99
\off@10=\count100
\off@11=\count101
\off@12=\count102
\off@13=\count103
\off@14=\count104
\off@15=\count105
\@maxfiles=\count106
\@maxoutfiles=\count107

Utility: `docstrip' 2.5b <1998/04/28>
English documentation    <1999/03/31>

**********************************************************
* This program converts documented macro-files into fast *
* loadable files by stripping off (nearly) all comments! *
**********************************************************

********************************************************
* No Configuration file found, using default settings. *
********************************************************

)

Generating file(s) ./showexpl.sty 
\openout0 = `./showexpl.sty'.


Processing file showexpl.dtx (package) -> showexpl.sty
File showexpl.dtx ended by \endinput.
Lines  processed: 606
Comments removed: 257
Comments  passed: 0
Codelines passed: 341

*************************************************************
*                                                           *
* To finish the installation you have to move the following *
* file into a directory searched by TeX:                    *
*                                                           *
*     showexpl.sty                                          *
*                                                           *
* To produce the documentation run the file showexpl.dtx    *
* through LaTeX.                                            *
*                                                           *
* Happy TeXing!                                             *
*                                                           *
*************************************************************
 ) 
Here is how much of TeX's memory you used:
 311 strings out of 50855
 3033 string characters out of 1196492
 50990 words of memory out of 1500001
 3330 multiletter control sequences out of 10000+15000
 3640 words of font info for 14 fonts, out of 400000 for 1000
 14 hyphenation exceptions out of 1000
 11i,0n,15p,155b,120s stack positions out of 1500i,500n,1500p,200000b,5000s

No pages of output.
