This file contains any messages produced by compilers while
running configure, to aid debugging if configure makes a mistake.

It was created by hello configure 2.1.1, which was
generated by GNU Autoconf 2.53.  Invocation command line was

  $ ./configure 

## --------- ##
## Platform. ##
## --------- ##

hostname = ATHLON-XP-2100
uname -m = i686
uname -r = 2.6.8.1-12mdk
uname -s = Linux
uname -v = #1 Fri Oct 1 12:53:41 CEST 2004

/usr/bin/uname -p = unknown
/bin/uname -X     = unknown

/bin/arch              = i686
/usr/bin/arch -k       = unknown
/usr/convex/getsysinfo = unknown
hostinfo               = unknown
/bin/machine           = unknown
/usr/bin/oslevel       = unknown
/bin/universe          = unknown

PATH: /sbin
PATH: /bin
PATH: /usr/sbin
PATH: /usr/bin
PATH: /usr/X11R6/bin
PATH: /usr/share/pvm3/
PATH: /usr/local/tigcc/bin


## ----------- ##
## Core tests. ##
## ----------- ##

configure:1264: checking for a BSD-compatible install
configure:1318: result: /usr/bin/install -c
configure:1329: checking whether build environment is sane
configure:1372: result: yes
configure:1405: checking for gawk
configure:1421: found /bin/gawk
configure:1431: result: gawk
configure:1441: checking whether make sets ${MAKE}
configure:1461: result: yes
configure:1660: checking for gcc
configure:1676: found /usr/bin/gcc
configure:1686: result: gcc
configure:1930: checking for C compiler version
configure:1933: gcc --version </dev/null >&5
gcc (GCC) 3.4.1 (Mandrakelinux 10.1 3.4.1-4mdk)
Copyright (C) 2004 Free Software Foundation, Inc.
This is free software; see the source for copying conditions.  There is NO
warranty; not even for MERCHANTABILITY or FITNESS FOR A PARTICULAR PURPOSE.

configure:1936: $? = 0
configure:1938: gcc -v </dev/null >&5
Reading specs from /usr/lib/gcc/i586-mandrake-linux-gnu/3.4.1/specs
Configured with: ../configure --prefix=/usr --libdir=/usr/lib --with-slibdir=/lib --mandir=/usr/share/man --infodir=/usr/share/info --enable-shared --enable-threads=posix --disable-checking --enable-long-long --enable-__cxa_atexit --enable-clocale=gnu --disable-libunwind-exceptions --enable-languages=c,c++,ada,f77,objc,java --host=i586-mandrake-linux-gnu --with-system-zlib
Thread model: posix
gcc version 3.4.1 (Mandrakelinux 10.1 3.4.1-4mdk)
configure:1941: $? = 0
configure:1943: gcc -V </dev/null >&5
gcc: `-V' option must have argument
configure:1946: $? = 1
configure:1972: checking for C compiler default output
configure:1975: gcc    conftest.c  >&5
configure:1978: $? = 0
configure:2011: result: a.out
configure:2016: checking whether the C compiler works
configure:2022: ./a.out
configure:2025: $? = 0
configure:2040: result: yes
configure:2047: checking whether we are cross compiling
configure:2049: result: no
configure:2052: checking for suffix of executables
configure:2054: gcc -o conftest    conftest.c  >&5
configure:2057: $? = 0
configure:2079: result: 
configure:2085: checking for suffix of object files
configure:2109: gcc -c   conftest.c >&5
configure:2112: $? = 0
configure:2131: result: o
configure:2135: checking whether we are using the GNU C compiler
configure:2162: gcc -c   conftest.c >&5
configure:2165: $? = 0
configure:2168: test -s conftest.o
configure:2171: $? = 0
configure:2183: result: yes
configure:2189: checking whether gcc accepts -g
configure:2213: gcc -c -g  conftest.c >&5
configure:2216: $? = 0
configure:2219: test -s conftest.o
configure:2222: $? = 0
configure:2232: result: yes
configure:2259: gcc -c -g -O2  conftest.c >&5
conftest.c:2: error: syntax error before "me"
configure:2262: $? = 1
configure: failed program was:
#ifndef __cplusplus
  choke me
#endif
configure:2391: checking for style of include used by make
configure:2419: result: GNU
configure:2447: checking dependency style of gcc
configure:2509: result: gcc3
configure:2516: checking for strerror in -lcposix
configure:2549: gcc -o conftest -g -O2   conftest.c -lcposix   >&5
/usr/bin/ld: cannot find -lcposix
collect2: ld returned 1 exit status
configure:2552: $? = 1
configure: failed program was:
#line 2523 "configure"
#include "confdefs.h"

/* Override any gcc2 internal prototype to avoid an error.  */
#ifdef __cplusplus
extern "C"
#endif
/* We use char because int might match the return type of a gcc2
   builtin and then its argument prototype would still apply.  */
char strerror ();
#ifdef F77_DUMMY_MAIN
#  ifdef __cplusplus
     extern "C"
#  endif
   int F77_DUMMY_MAIN() { return 1; }
#endif
int
main ()
{
strerror ();
  ;
  return 0;
}
configure:2569: result: no
configure:2585: checking how to run the C preprocessor
configure:2611: gcc -E  conftest.c
configure:2617: $? = 0
configure:2644: gcc -E  conftest.c
configure:2640:28: ac_nonexistent.h: No such file or directory
configure:2650: $? = 1
configure: failed program was:
#line 2639 "configure"
#include "confdefs.h"
#include <ac_nonexistent.h>
configure:2687: result: gcc -E
configure:2702: gcc -E  conftest.c
configure:2708: $? = 0
configure:2735: gcc -E  conftest.c
configure:2731:28: ac_nonexistent.h: No such file or directory
configure:2741: $? = 1
configure: failed program was:
#line 2730 "configure"
#include "confdefs.h"
#include <ac_nonexistent.h>
configure:2781: checking for ANSI C header files
configure:2795: gcc -E  conftest.c
configure:2801: $? = 0
configure:2886: gcc -o conftest -g -O2   conftest.c  >&5
configure:2889: $? = 0
configure:2891: ./conftest
configure:2894: $? = 0
configure:2908: result: yes
configure:2932: checking for sys/types.h
configure:2945: gcc -c -g -O2  conftest.c >&5
configure:2948: $? = 0
configure:2951: test -s conftest.o
configure:2954: $? = 0
configure:2964: result: yes
configure:2932: checking for sys/stat.h
configure:2945: gcc -c -g -O2  conftest.c >&5
configure:2948: $? = 0
configure:2951: test -s conftest.o
configure:2954: $? = 0
configure:2964: result: yes
configure:2932: checking for stdlib.h
configure:2945: gcc -c -g -O2  conftest.c >&5
configure:2948: $? = 0
configure:2951: test -s conftest.o
configure:2954: $? = 0
configure:2964: result: yes
configure:2932: checking for string.h
configure:2945: gcc -c -g -O2  conftest.c >&5
configure:2948: $? = 0
configure:2951: test -s conftest.o
configure:2954: $? = 0
configure:2964: result: yes
configure:2932: checking for memory.h
configure:2945: gcc -c -g -O2  conftest.c >&5
configure:2948: $? = 0
configure:2951: test -s conftest.o
configure:2954: $? = 0
configure:2964: result: yes
configure:2932: checking for strings.h
configure:2945: gcc -c -g -O2  conftest.c >&5
configure:2948: $? = 0
configure:2951: test -s conftest.o
configure:2954: $? = 0
configure:2964: result: yes
configure:2932: checking for inttypes.h
configure:2945: gcc -c -g -O2  conftest.c >&5
configure:2948: $? = 0
configure:2951: test -s conftest.o
configure:2954: $? = 0
configure:2964: result: yes
configure:2932: checking for stdint.h
configure:2945: gcc -c -g -O2  conftest.c >&5
configure:2948: $? = 0
configure:2951: test -s conftest.o
configure:2954: $? = 0
configure:2964: result: yes
configure:2932: checking for unistd.h
configure:2945: gcc -c -g -O2  conftest.c >&5
configure:2948: $? = 0
configure:2951: test -s conftest.o
configure:2954: $? = 0
configure:2964: result: yes
configure:2984: checking for string.h
configure:2989: result: yes
configure:2993: checking fcntl.h usability
configure:3002: gcc -c -g -O2  conftest.c >&5
configure:3005: $? = 0
configure:3008: test -s conftest.o
configure:3011: $? = 0
configure:3020: result: yes
configure:3024: checking fcntl.h presence
configure:3031: gcc -E  conftest.c
configure:3037: $? = 0
configure:3055: result: yes
configure:3073: checking for fcntl.h
configure:3080: result: yes
configure:2993: checking sys/file.h usability
configure:3002: gcc -c -g -O2  conftest.c >&5
configure:3005: $? = 0
configure:3008: test -s conftest.o
configure:3011: $? = 0
configure:3020: result: yes
configure:3024: checking sys/file.h presence
configure:3031: gcc -E  conftest.c
configure:3037: $? = 0
configure:3055: result: yes
configure:3073: checking for sys/file.h
configure:3080: result: yes
configure:2993: checking sys/param.h usability
configure:3002: gcc -c -g -O2  conftest.c >&5
configure:3005: $? = 0
configure:3008: test -s conftest.o
configure:3011: $? = 0
configure:3020: result: yes
configure:3024: checking sys/param.h presence
configure:3031: gcc -E  conftest.c
configure:3037: $? = 0
configure:3055: result: yes
configure:3073: checking for sys/param.h
configure:3080: result: yes
configure:3096: checking for working alloca.h
configure:3120: gcc -o conftest -g -O2   conftest.c  >&5
configure:3123: $? = 0
configure:3126: test -s conftest
configure:3129: $? = 0
configure:3139: result: yes
configure:3149: checking for alloca
configure:3193: gcc -o conftest -g -O2   conftest.c  >&5
configure:3196: $? = 0
configure:3199: test -s conftest
configure:3202: $? = 0
configure:3212: result: yes
configure:3404: checking for struct stat.st_blksize
configure:3430: gcc -c -g -O2  conftest.c >&5
configure:3433: $? = 0
configure:3436: test -s conftest.o
configure:3439: $? = 0
configure:3449: result: yes
configure:3481: checking for msgfmt
configure:3509: result: /usr/bin/msgfmt
configure:3518: checking for gmsgfmt
configure:3549: result: /usr/bin/msgfmt
configure:3559: checking for xgettext
configure:3587: result: /usr/bin/xgettext
configure:3598: checking for msgmerge
configure:3625: result: /usr/bin/msgmerge
configure:3666: checking build system type
configure:3684: result: i686-pc-linux
configure:3694: checking host system type
configure:3708: result: i686-pc-linux
configure:3759: checking for ranlib
configure:3775: found /usr/bin/ranlib
configure:3786: result: ranlib
configure:3798: checking for gcc option to accept ANSI C
configure:3861: gcc  -c -g -O2  conftest.c >&5
configure:3864: $? = 0
configure:3867: test -s conftest.o
configure:3870: $? = 0
configure:3887: result: none needed
configure:3895: checking for an ANSI C-conforming const
configure:3965: gcc -c -g -O2  conftest.c >&5
configure:3968: $? = 0
configure:3971: test -s conftest.o
configure:3974: $? = 0
configure:3984: result: yes
configure:3994: checking for inline
configure:4011: gcc -c -g -O2  conftest.c >&5
configure:4014: $? = 0
configure:4017: test -s conftest.o
configure:4020: $? = 0
configure:4031: result: inline
configure:4046: checking for off_t
configure:4073: gcc -c -g -O2  conftest.c >&5
configure:4076: $? = 0
configure:4079: test -s conftest.o
configure:4082: $? = 0
configure:4092: result: yes
configure:4104: checking for size_t
configure:4131: gcc -c -g -O2  conftest.c >&5
configure:4134: $? = 0
configure:4137: test -s conftest.o
configure:4140: $? = 0
configure:4150: result: yes
configure:4168: checking for stdlib.h
configure:4173: result: yes
configure:4168: checking for unistd.h
configure:4173: result: yes
configure:4281: checking for getpagesize
configure:4324: gcc -o conftest -g -O2   conftest.c  >&5
configure:4327: $? = 0
configure:4330: test -s conftest
configure:4333: $? = 0
configure:4343: result: yes
configure:4353: checking for working mmap
configure:4492: gcc -o conftest -g -O2   conftest.c  >&5
configure:4495: $? = 0
configure:4497: ./conftest
configure:4500: $? = 0
configure:4513: result: yes
configure:4525: checking whether we are using the GNU C Library 2.1 or newer
configure:4553: result: yes
configure:4586: checking for ld used by GCC
configure:4649: result: /usr/bin/ld
configure:4658: checking if the linker (/usr/bin/ld) is GNU ld
GNU ld version 2.15.90.0.3 20040415
configure:4670: result: yes
configure:4676: checking for shared library run path origin
configure:4689: result: done
configure:5108: checking for iconv
configure:5138: gcc -o conftest -g -O2   conftest.c  >&5
configure:5141: $? = 0
configure:5144: test -s conftest
configure:5147: $? = 0
configure:5202: result: yes
configure:5250: checking argz.h usability
configure:5259: gcc -c -g -O2  conftest.c >&5
configure:5262: $? = 0
configure:5265: test -s conftest.o
configure:5268: $? = 0
configure:5277: result: yes
configure:5281: checking argz.h presence
configure:5288: gcc -E  conftest.c
configure:5294: $? = 0
configure:5312: result: yes
configure:5330: checking for argz.h
configure:5337: result: yes
configure:5250: checking limits.h usability
configure:5259: gcc -c -g -O2  conftest.c >&5
configure:5262: $? = 0
configure:5265: test -s conftest.o
configure:5268: $? = 0
configure:5277: result: yes
configure:5281: checking limits.h presence
configure:5288: gcc -E  conftest.c
configure:5294: $? = 0
configure:5312: result: yes
configure:5330: checking for limits.h
configure:5337: result: yes
configure:5250: checking locale.h usability
configure:5259: gcc -c -g -O2  conftest.c >&5
configure:5262: $? = 0
configure:5265: test -s conftest.o
configure:5268: $? = 0
configure:5277: result: yes
configure:5281: checking locale.h presence
configure:5288: gcc -E  conftest.c
configure:5294: $? = 0
configure:5312: result: yes
configure:5330: checking for locale.h
configure:5337: result: yes
configure:5250: checking nl_types.h usability
configure:5259: gcc -c -g -O2  conftest.c >&5
configure:5262: $? = 0
configure:5265: test -s conftest.o
configure:5268: $? = 0
configure:5277: result: yes
configure:5281: checking nl_types.h presence
configure:5288: gcc -E  conftest.c
configure:5294: $? = 0
configure:5312: result: yes
configure:5330: checking for nl_types.h
configure:5337: result: yes
configure:5250: checking malloc.h usability
configure:5259: gcc -c -g -O2  conftest.c >&5
configure:5262: $? = 0
configure:5265: test -s conftest.o
configure:5268: $? = 0
configure:5277: result: yes
configure:5281: checking malloc.h presence
configure:5288: gcc -E  conftest.c
configure:5294: $? = 0
configure:5312: result: yes
configure:5330: checking for malloc.h
configure:5337: result: yes
configure:5250: checking stddef.h usability
configure:5259: gcc -c -g -O2  conftest.c >&5
configure:5262: $? = 0
configure:5265: test -s conftest.o
configure:5268: $? = 0
configure:5277: result: yes
configure:5281: checking stddef.h presence
configure:5288: gcc -E  conftest.c
configure:5294: $? = 0
configure:5312: result: yes
configure:5330: checking for stddef.h
configure:5337: result: yes
configure:5241: checking for stdlib.h
configure:5246: result: yes
configure:5241: checking for string.h
configure:5246: result: yes
configure:5241: checking for unistd.h
configure:5246: result: yes
configure:5241: checking for sys/param.h
configure:5246: result: yes
configure:5376: checking for feof_unlocked
configure:5419: gcc -o conftest -g -O2   conftest.c  >&5
configure:5422: $? = 0
configure:5425: test -s conftest
configure:5428: $? = 0
configure:5438: result: yes
configure:5376: checking for fgets_unlocked
configure:5419: gcc -o conftest -g -O2   conftest.c  >&5
configure:5422: $? = 0
configure:5425: test -s conftest
configure:5428: $? = 0
configure:5438: result: yes
configure:5376: checking for getc_unlocked
configure:5419: gcc -o conftest -g -O2   conftest.c  >&5
configure:5422: $? = 0
configure:5425: test -s conftest
configure:5428: $? = 0
configure:5438: result: yes
configure:5376: checking for getcwd
configure:5419: gcc -o conftest -g -O2   conftest.c  >&5
configure:5422: $? = 0
configure:5425: test -s conftest
configure:5428: $? = 0
configure:5438: result: yes
configure:5376: checking for getegid
configure:5419: gcc -o conftest -g -O2   conftest.c  >&5
configure:5422: $? = 0
configure:5425: test -s conftest
configure:5428: $? = 0
configure:5438: result: yes
configure:5376: checking for geteuid
configure:5419: gcc -o conftest -g -O2   conftest.c  >&5
configure:5422: $? = 0
configure:5425: test -s conftest
configure:5428: $? = 0
configure:5438: result: yes
configure:5376: checking for getgid
configure:5419: gcc -o conftest -g -O2   conftest.c  >&5
configure:5422: $? = 0
configure:5425: test -s conftest
configure:5428: $? = 0
configure:5438: result: yes
configure:5376: checking for getuid
configure:5419: gcc -o conftest -g -O2   conftest.c  >&5
configure:5422: $? = 0
configure:5425: test -s conftest
configure:5428: $? = 0
configure:5438: result: yes
configure:5376: checking for mempcpy
configure:5419: gcc -o conftest -g -O2   conftest.c  >&5
configure:5391: warning: conflicting types for built-in function 'mempcpy'
configure:5422: $? = 0
configure:5425: test -s conftest
configure:5428: $? = 0
configure:5438: result: yes
configure:5376: checking for munmap
configure:5419: gcc -o conftest -g -O2   conftest.c  >&5
configure:5422: $? = 0
configure:5425: test -s conftest
configure:5428: $? = 0
configure:5438: result: yes
configure:5376: checking for putenv
configure:5419: gcc -o conftest -g -O2   conftest.c  >&5
configure:5422: $? = 0
configure:5425: test -s conftest
configure:5428: $? = 0
configure:5438: result: yes
configure:5376: checking for setenv
configure:5419: gcc -o conftest -g -O2   conftest.c  >&5
configure:5422: $? = 0
configure:5425: test -s conftest
configure:5428: $? = 0
configure:5438: result: yes
configure:5376: checking for setlocale
configure:5419: gcc -o conftest -g -O2   conftest.c  >&5
configure:5422: $? = 0
configure:5425: test -s conftest
configure:5428: $? = 0
configure:5438: result: yes
configure:5376: checking for stpcpy
configure:5419: gcc -o conftest -g -O2   conftest.c  >&5
configure:5391: warning: conflicting types for built-in function 'stpcpy'
configure:5422: $? = 0
configure:5425: test -s conftest
configure:5428: $? = 0
configure:5438: result: yes
configure:5376: checking for strcasecmp
configure:5419: gcc -o conftest -g -O2   conftest.c  >&5
configure:5422: $? = 0
configure:5425: test -s conftest
configure:5428: $? = 0
configure:5438: result: yes
configure:5376: checking for strdup
configure:5419: gcc -o conftest -g -O2   conftest.c  >&5
configure:5391: warning: conflicting types for built-in function 'strdup'
configure:5422: $? = 0
configure:5425: test -s conftest
configure:5428: $? = 0
configure:5438: result: yes
configure:5376: checking for strtoul
configure:5419: gcc -o conftest -g -O2   conftest.c  >&5
configure:5422: $? = 0
configure:5425: test -s conftest
configure:5428: $? = 0
configure:5438: result: yes
configure:5376: checking for tsearch
configure:5419: gcc -o conftest -g -O2   conftest.c  >&5
configure:5422: $? = 0
configure:5425: test -s conftest
configure:5428: $? = 0
configure:5438: result: yes
configure:5376: checking for __argz_count
configure:5419: gcc -o conftest -g -O2   conftest.c  >&5
configure:5422: $? = 0
configure:5425: test -s conftest
configure:5428: $? = 0
configure:5438: result: yes
configure:5376: checking for __argz_stringify
configure:5419: gcc -o conftest -g -O2   conftest.c  >&5
configure:5422: $? = 0
configure:5425: test -s conftest
configure:5428: $? = 0
configure:5438: result: yes
configure:5376: checking for __argz_next
configure:5419: gcc -o conftest -g -O2   conftest.c  >&5
configure:5422: $? = 0
configure:5425: test -s conftest
configure:5428: $? = 0
configure:5438: result: yes
configure:5452: checking for iconv declaration
configure:5489: gcc -c -g -O2  conftest.c >&5
configure:5492: $? = 0
configure:5495: test -s conftest.o
configure:5498: $? = 0
configure:5512: result: 
         extern size_t iconv (iconv_t cd, char * *inbuf, size_t *inbytesleft, char * *outbuf, size_t *outbytesleft);
configure:5523: checking for nl_langinfo and CODESET
configure:5547: gcc -o conftest -g -O2   conftest.c  >&5
configure:5550: $? = 0
configure:5553: test -s conftest
configure:5556: $? = 0
configure:5567: result: yes
configure:5578: checking for LC_MESSAGES
configure:5602: gcc -o conftest -g -O2   conftest.c  >&5
configure:5605: $? = 0
configure:5608: test -s conftest
configure:5611: $? = 0
configure:5621: result: yes
configure:5636: checking for bison
configure:5652: found /usr/bin/bison
configure:5662: result: bison
configure:5675: checking version of bison
configure:5684: result: 1.875, ok
configure:5703: checking whether NLS is requested
configure:5712: result: yes
configure:5727: checking whether included gettext is requested
configure:5737: result: no
configure:5748: checking for GNU gettext in libc
configure:5775: gcc -o conftest -g -O2   conftest.c  >&5
configure:5778: $? = 0
configure:5781: test -s conftest
configure:5784: $? = 0
configure:5794: result: yes
configure:6411: checking for perl
configure:6427: found /usr/bin/perl
configure:6437: result: perl
configure:6536: creating ./config.status

## ---------------------- ##
## Running config.status. ##
## ---------------------- ##

This file was extended by hello config.status 2.1.1, which was
generated by GNU Autoconf 2.53.  Invocation command line was

  CONFIG_FILES    = 
  CONFIG_HEADERS  = 
  CONFIG_LINKS    = 
  CONFIG_COMMANDS = 
  $ ./config.status 

on ATHLON-XP-2100

config.status:652: creating Makefile
config.status:652: creating contrib/Makefile
config.status:652: creating doc/Makefile
config.status:652: creating intl/Makefile
config.status:652: creating man/Makefile
config.status:652: creating po/Makefile.in
config.status:652: creating m4/Makefile
config.status:652: creating src/Makefile
config.status:652: creating tests/Makefile
config.status:756: creating config.h
config.status:979: config.h is unchanged
config.status:1080: executing depfiles commands
config.status:1080: executing default-1 commands
config.status:1080: executing default commands

## ---------------- ##
## Cache variables. ##
## ---------------- ##

ac_cv_build=i686-pc-linux
ac_cv_build_alias=i686-pc-linux
ac_cv_c_compiler_gnu=yes
ac_cv_c_const=yes
ac_cv_c_inline=inline
ac_cv_env_CC_set=
ac_cv_env_CC_value=
ac_cv_env_CFLAGS_set=
ac_cv_env_CFLAGS_value=
ac_cv_env_CPPFLAGS_set=
ac_cv_env_CPPFLAGS_value=
ac_cv_env_CPP_set=
ac_cv_env_CPP_value=
ac_cv_env_LDFLAGS_set=
ac_cv_env_LDFLAGS_value=
ac_cv_env_build_alias_set=
ac_cv_env_build_alias_value=
ac_cv_env_host_alias_set=
ac_cv_env_host_alias_value=
ac_cv_env_target_alias_set=
ac_cv_env_target_alias_value=
ac_cv_exeext=
ac_cv_func___argz_count=yes
ac_cv_func___argz_next=yes
ac_cv_func___argz_stringify=yes
ac_cv_func_alloca_works=yes
ac_cv_func_feof_unlocked=yes
ac_cv_func_fgets_unlocked=yes
ac_cv_func_getc_unlocked=yes
ac_cv_func_getcwd=yes
ac_cv_func_getegid=yes
ac_cv_func_geteuid=yes
ac_cv_func_getgid=yes
ac_cv_func_getpagesize=yes
ac_cv_func_getuid=yes
ac_cv_func_mempcpy=yes
ac_cv_func_mmap_fixed_mapped=yes
ac_cv_func_munmap=yes
ac_cv_func_putenv=yes
ac_cv_func_setenv=yes
ac_cv_func_setlocale=yes
ac_cv_func_stpcpy=yes
ac_cv_func_strcasecmp=yes
ac_cv_func_strdup=yes
ac_cv_func_strtoul=yes
ac_cv_func_tsearch=yes
ac_cv_gnu_library_2_1=yes
ac_cv_header_argz_h=yes
ac_cv_header_fcntl_h=yes
ac_cv_header_inttypes_h=yes
ac_cv_header_limits_h=yes
ac_cv_header_locale_h=yes
ac_cv_header_malloc_h=yes
ac_cv_header_memory_h=yes
ac_cv_header_nl_types_h=yes
ac_cv_header_stdc=yes
ac_cv_header_stddef_h=yes
ac_cv_header_stdint_h=yes
ac_cv_header_stdlib_h=yes
ac_cv_header_string_h=yes
ac_cv_header_strings_h=yes
ac_cv_header_sys_file_h=yes
ac_cv_header_sys_param_h=yes
ac_cv_header_sys_stat_h=yes
ac_cv_header_sys_types_h=yes
ac_cv_header_unistd_h=yes
ac_cv_host=i686-pc-linux
ac_cv_host_alias=i686-pc-linux
ac_cv_lib_cposix_strerror=no
ac_cv_member_struct_stat_st_blksize=yes
ac_cv_objext=o
ac_cv_path_GMSGFMT=/usr/bin/msgfmt
ac_cv_path_MSGFMT=/usr/bin/msgfmt
ac_cv_path_MSGMERGE=/usr/bin/msgmerge
ac_cv_path_XGETTEXT=/usr/bin/xgettext
ac_cv_path_install='/usr/bin/install -c'
ac_cv_prog_AWK=gawk
ac_cv_prog_CPP='gcc -E'
ac_cv_prog_INTLBISON=bison
ac_cv_prog_PERL=perl
ac_cv_prog_ac_ct_CC=gcc
ac_cv_prog_ac_ct_RANLIB=ranlib
ac_cv_prog_cc_g=yes
ac_cv_prog_cc_stdc=
ac_cv_prog_make_make_set=yes
ac_cv_type_off_t=yes
ac_cv_type_size_t=yes
ac_cv_working_alloca_h=yes
acl_cv_hardcode_direct=no
acl_cv_hardcode_libdir_flag_spec='${wl}-rpath ${wl}$libdir'
acl_cv_hardcode_libdir_separator=
acl_cv_hardcode_minus_L=no
acl_cv_libext=a
acl_cv_path_LD=/usr/bin/ld
acl_cv_prog_gnu_ld=yes
acl_cv_rpath=done
acl_cv_shlibext=
acl_cv_sys_lib_dlsearch_path_spec='/lib /usr/lib'
acl_cv_sys_lib_search_path_spec='/lib /usr/lib /usr/local/lib'
acl_cv_wl=-Wl,
am_cv_CC_dependencies_compiler_type=gcc3
am_cv_func_iconv=yes
am_cv_langinfo_codeset=yes
am_cv_lib_iconv=no
am_cv_proto_iconv='extern size_t iconv (iconv_t cd, char * *inbuf, size_t *inbytesleft, char * *outbuf, size_t *outbytesleft);'
am_cv_proto_iconv_arg1=
am_cv_val_LC_MESSAGES=yes
gt_cv_func_gnugettext1_libc=yes
nls_cv_force_use_gnu_gettext=no
nls_cv_header_intl=
nls_cv_header_libgt=
nls_cv_use_gnu_gettext=no

## ----------- ##
## confdefs.h. ##
## ----------- ##

#define PACKAGE_NAME "hello"
#define PACKAGE_TARNAME "hello"
#define PACKAGE_VERSION "2.1.1"
#define PACKAGE_STRING "hello 2.1.1"
#define PACKAGE_BUGREPORT "bug-gnu-hello@gnu.org"
#define PACKAGE "hello"
#define VERSION "2.1.1"
#define STDC_HEADERS 1
#define HAVE_SYS_TYPES_H 1
#define HAVE_SYS_STAT_H 1
#define HAVE_STDLIB_H 1
#define HAVE_STRING_H 1
#define HAVE_MEMORY_H 1
#define HAVE_STRINGS_H 1
#define HAVE_INTTYPES_H 1
#define HAVE_STDINT_H 1
#define HAVE_UNISTD_H 1
#define HAVE_STRING_H 1
#define HAVE_FCNTL_H 1
#define HAVE_SYS_FILE_H 1
#define HAVE_SYS_PARAM_H 1
#define HAVE_ALLOCA_H 1
#define HAVE_ALLOCA 1
#define HAVE_STRUCT_STAT_ST_BLKSIZE 1
#define HAVE_ST_BLKSIZE 1
#define HAVE_STDLIB_H 1
#define HAVE_UNISTD_H 1
#define HAVE_GETPAGESIZE 1
#define HAVE_MMAP 1
#define HAVE_ICONV 1
#define HAVE_ARGZ_H 1
#define HAVE_LIMITS_H 1
#define HAVE_LOCALE_H 1
#define HAVE_NL_TYPES_H 1
#define HAVE_MALLOC_H 1
#define HAVE_STDDEF_H 1
#define HAVE_STDLIB_H 1
#define HAVE_STRING_H 1
#define HAVE_UNISTD_H 1
#define HAVE_SYS_PARAM_H 1
#define HAVE_FEOF_UNLOCKED 1
#define HAVE_FGETS_UNLOCKED 1
#define HAVE_GETC_UNLOCKED 1
#define HAVE_GETCWD 1
#define HAVE_GETEGID 1
#define HAVE_GETEUID 1
#define HAVE_GETGID 1
#define HAVE_GETUID 1
#define HAVE_MEMPCPY 1
#define HAVE_MUNMAP 1
#define HAVE_PUTENV 1
#define HAVE_SETENV 1
#define HAVE_SETLOCALE 1
#define HAVE_STPCPY 1
#define HAVE_STRCASECMP 1
#define HAVE_STRDUP 1
#define HAVE_STRTOUL 1
#define HAVE_TSEARCH 1
#define HAVE___ARGZ_COUNT 1
#define HAVE___ARGZ_STRINGIFY 1
#define HAVE___ARGZ_NEXT 1
#define ICONV_CONST 
#define HAVE_LANGINFO_CODESET 1
#define HAVE_LC_MESSAGES 1
#define ENABLE_NLS 1
#define HAVE_GETTEXT 1
#define HAVE_DCGETTEXT 1

configure: exit 0
