set -e; avr-gcc -MM -mmcu=atmega8535 -I. -O0 -gstabs -std=gnu99  -funsigned-char -funsigned-bitfields -fpack-struct -fshort-enums  -Wall -Wstrict-prototypes  -Wa,-adhlns=ledmeter.lst   ledmeter.c \
| sed 's,\(.*\)\.o[ :]*,\1.o \1.d : ,g' > ledmeter.d; \
[ -s ledmeter.d ] || rm -f ledmeter.d

-------- begin --------
avr-gcc (GCC) 3.4.6
Copyright (C) 2006 Free Software Foundation, Inc.
This is free software; see the source for copying conditions.  There is NO
warranty; not even for MERCHANTABILITY or FITNESS FOR A PARTICULAR PURPOSE.


Compiling: ledmeter.c
avr-gcc -c -mmcu=atmega8535 -I. -O0 -gstabs -std=gnu99  -funsigned-char -funsigned-bitfields -fpack-struct -fshort-enums  -Wall -Wstrict-prototypes  -Wa,-adhlns=ledmeter.lst   ledmeter.c -o ledmeter.o
In file included from ledmeter.c:12:
C:/WinAVR/avr/include/avr/delay.h:36:2: warning: #warning "This file has been moved to <util/delay.h>."
ledmeter.c:33: warning: function declaration isn't a prototype
ledmeter.c:37: warning: function declaration isn't a prototype
ledmeter.c:73: warning: function declaration isn't a prototype
ledmeter.c:102: warning: function declaration isn't a prototype

Linking: ledmeter.elf
avr-gcc -mmcu=atmega8535 -I. -O0 -gstabs -std=gnu99  -funsigned-char -funsigned-bitfields -fpack-struct -fshort-enums  -Wall -Wstrict-prototypes  -Wa,-adhlns=ledmeter.o   ledmeter.o   --output ledmeter.elf -lm -Wl,-Map=ledmeter.map -Wl,--cref

Creating load file for Flash: ledmeter.hex
avr-objcopy -O ihex -R .eeprom ledmeter.elf ledmeter.hex

Creating load file for EEPROM: ledmeter.eep
avr-objcopy -j .eeprom --set-section-flags=.eeprom="alloc,load" \
--change-section-lma .eeprom=0 -O ihex ledmeter.elf ledmeter.eep

Creating Extended Listing: ledmeter.lss
avr-objdump -h -S ledmeter.elf > ledmeter.lss

Creating Symbol Table: ledmeter.sym
avr-nm -n ledmeter.elf > ledmeter.sym

Converting to AVR COFF: ledmeter.cof
avr-objcopy --debugging --change-section-address .data-0x800000 --change-section-address .bss-0x800000 --change-section-address .noinit-0x800000 --change-section-address .eeprom-0x810000 -O coff-ext-avr ledmeter.elf ledmeter.cof   # Extended COFF. Supported in VMLAB from rel. 3.10
Warning: file C:/DOCUME~1/EWEDDI~1/LOCALS~1/Temp/cc6zdaaa.s not found in symbol table, ignoring
Warning: ignoring function __vectors() outside any compilation unit
Warning: ignoring function __bad_interrupt() outside any compilation unit

Size after:
ledmeter.elf  :
section    size      addr
.text      1936         0
.data         0   8388704
.bss          0   8388704
.noinit       0   8388704
.eeprom       0   8454144
.stab      3456         0
.stabstr   2257         0
Total      7649



Errors: none
-------- end --------

